<?xml version="1.0"?>
<testsuites>
  <testsuite name="PhantomJS 1.9.8 (Linux 0.0.0)" package="" timestamp="2015-06-25T16:35:08" id="0" hostname="testing-worker-linux-docker-a0c86149-3201-linux-8" tests="248" errors="0" failures="1" time="0.53">
    <properties>
      <property name="browser.fullName" value="Mozilla/5.0 (Unknown; Linux x86_64) AppleWebKit/534.34 (KHTML, like Gecko) PhantomJS/1.9.8 Safari/534.34"/>
    </properties>
    <testcase name="instance defined" time="0.01" classname="PhantomJS 1.9.8 (Linux 0.0.0).Axis Default constructor"/>
    <testcase name="constructor create the page with the correct name" time="0.002" classname="PhantomJS 1.9.8 (Linux 0.0.0).Axis Default constructor"/>
    <testcase name="constructor create the page with the correct color" time="0.001" classname="PhantomJS 1.9.8 (Linux 0.0.0).Axis Default constructor"/>
    <testcase name="constructor create the page with the correct minValue" time="0.001" classname="PhantomJS 1.9.8 (Linux 0.0.0).Axis Default constructor"/>
    <testcase name="constructor create the page with the correct maxValue" time="0.001" classname="PhantomJS 1.9.8 (Linux 0.0.0).Axis Default constructor"/>
    <testcase name="constructor create the page with the correct ticks" time="0.001" classname="PhantomJS 1.9.8 (Linux 0.0.0).Axis Default constructor"/>
    <testcase name="constructor create the page with the correct scale" time="0.001" classname="PhantomJS 1.9.8 (Linux 0.0.0).Axis Default constructor"/>
    <testcase name="instance defined" time="0.002" classname="PhantomJS 1.9.8 (Linux 0.0.0).Axis Constructor"/>
    <testcase name="constructor create the page with the correct name" time="0.001" classname="PhantomJS 1.9.8 (Linux 0.0.0).Axis Constructor"/>
    <testcase name="constructor create the page with the correct color" time="0.001" classname="PhantomJS 1.9.8 (Linux 0.0.0).Axis Constructor"/>
    <testcase name="constructor create the page with the correct minValue" time="0.001" classname="PhantomJS 1.9.8 (Linux 0.0.0).Axis Constructor"/>
    <testcase name="constructor create the page with the correct maxValue" time="0.001" classname="PhantomJS 1.9.8 (Linux 0.0.0).Axis Constructor"/>
    <testcase name="constructor create the page with the correct ticks" time="0.001" classname="PhantomJS 1.9.8 (Linux 0.0.0).Axis Constructor"/>
    <testcase name="constructor create the page with the correct scale" time="0.001" classname="PhantomJS 1.9.8 (Linux 0.0.0).Axis Constructor"/>
    <testcase name="Axis updated with the correct name" time="0.001" classname="PhantomJS 1.9.8 (Linux 0.0.0).Axis #updateParameters"/>
    <testcase name="Axis updated with the correct color" time="0.001" classname="PhantomJS 1.9.8 (Linux 0.0.0).Axis #updateParameters"/>
    <testcase name="Axis updated with the correct minValue" time="0.001" classname="PhantomJS 1.9.8 (Linux 0.0.0).Axis #updateParameters"/>
    <testcase name="Axis updated with the correct maxValue" time="0.002" classname="PhantomJS 1.9.8 (Linux 0.0.0).Axis #updateParameters"/>
    <testcase name="Axis updated with the correct getTicks" time="0.004" classname="PhantomJS 1.9.8 (Linux 0.0.0).Axis #updateParameters"/>
    <testcase name="Axis updated with the correct scale" time="0.002" classname="PhantomJS 1.9.8 (Linux 0.0.0).Axis #updateParameters"/>
    <testcase name="instance defined" time="0.002" classname="PhantomJS 1.9.8 (Linux 0.0.0).BarChartFlow Default constructor"/>
    <testcase name="constructor create the flow with the correct flowColor" time="0.001" classname="PhantomJS 1.9.8 (Linux 0.0.0).BarChartFlow Default constructor"/>
    <testcase name="instance defined" time="0.002" classname="PhantomJS 1.9.8 (Linux 0.0.0).BarChartFlow Constructor"/>
    <testcase name="constructor create the flow with the correct flowColor" time="0.001" classname="PhantomJS 1.9.8 (Linux 0.0.0).BarChartFlow Constructor"/>
    <testcase name="cflow updated with the correct flowColor" time="0.001" classname="PhantomJS 1.9.8 (Linux 0.0.0).BarChartFlow #updateParameters"/>
    <testcase name="data inizialized in the correct way" time="0.001" classname="PhantomJS 1.9.8 (Linux 0.0.0).BarChartFlow #initializeData"/>
    <testcase name="data empty in the correct way" time="0.002" classname="PhantomJS 1.9.8 (Linux 0.0.0).BarChartFlow #emptyData"/>
    <testcase name="data updated in the correct way" time="0.001" classname="PhantomJS 1.9.8 (Linux 0.0.0).BarChartFlow #inPlaceUpdate"/>
    <testcase name="BarChart created" time="0.003" classname="PhantomJS 1.9.8 (Linux 0.0.0).BarChart Constructor"/>
    <testcase name="graph Constructor called" time="0.002" classname="PhantomJS 1.9.8 (Linux 0.0.0).BarChart Constructor"/>
    <testcase name="graph Constructor called" time="0.001" classname="PhantomJS 1.9.8 (Linux 0.0.0).BarChart Constructor"/>
    <testcase name="graph created with the correct axisX" time="0.001" classname="PhantomJS 1.9.8 (Linux 0.0.0).BarChart Constructor"/>
    <testcase name="graph created with the correct axisY" time="0.001" classname="PhantomJS 1.9.8 (Linux 0.0.0).BarChart Constructor"/>
    <testcase name="graph created with the correct barOrientation" time="0.002" classname="PhantomJS 1.9.8 (Linux 0.0.0).BarChart Constructor"/>
    <testcase name="graph created with the correct headers" time="0.001" classname="PhantomJS 1.9.8 (Linux 0.0.0).BarChart Constructor"/>
    <testcase name="graph created with the correct background" time="0.001" classname="PhantomJS 1.9.8 (Linux 0.0.0).BarChart Constructor"/>
    <testcase name="graph created with the correct sortable" time="0.005" classname="PhantomJS 1.9.8 (Linux 0.0.0).BarChart Constructor"/>
    <testcase name="graph created with the correct grouping control" time="0.002" classname="PhantomJS 1.9.8 (Linux 0.0.0).BarChart Constructor"/>
    <testcase name="graph created with the correct legendOnPoint" time="0.001" classname="PhantomJS 1.9.8 (Linux 0.0.0).BarChart Constructor"/>
    <testcase name="graph created with the correct flow" time="0.001" classname="PhantomJS 1.9.8 (Linux 0.0.0).BarChart Constructor"/>
    <testcase name="graph created with the correct horizontalGrid" time="0.001" classname="PhantomJS 1.9.8 (Linux 0.0.0).BarChart Constructor"/>
    <testcase name="BarChart created" time="0.003" classname="PhantomJS 1.9.8 (Linux 0.0.0).BarChart #updateParameters"/>
    <testcase name="graph updated with the correct axisX" time="0.001" classname="PhantomJS 1.9.8 (Linux 0.0.0).BarChart #updateParameters"/>
    <testcase name="graph updated with the correct axisY" time="0.001" classname="PhantomJS 1.9.8 (Linux 0.0.0).BarChart #updateParameters"/>
    <testcase name="graph updated with the correct barOrientation" time="0.001" classname="PhantomJS 1.9.8 (Linux 0.0.0).BarChart #updateParameters"/>
    <testcase name="graph updated with the correct headers" time="0.002" classname="PhantomJS 1.9.8 (Linux 0.0.0).BarChart #updateParameters"/>
    <testcase name="graph updated with the correct background" time="0.001" classname="PhantomJS 1.9.8 (Linux 0.0.0).BarChart #updateParameters"/>
    <testcase name="graph updated with the correct sortable" time="0.002" classname="PhantomJS 1.9.8 (Linux 0.0.0).BarChart #updateParameters"/>
    <testcase name="graph updated with the correct grouping control" time="0.002" classname="PhantomJS 1.9.8 (Linux 0.0.0).BarChart #updateParameters"/>
    <testcase name="graph updated with the correct legendOnPoint" time="0.001" classname="PhantomJS 1.9.8 (Linux 0.0.0).BarChart #updateParameters"/>
    <testcase name="graph updated with the correct flow" time="0.001" classname="PhantomJS 1.9.8 (Linux 0.0.0).BarChart #updateParameters"/>
    <testcase name="graph updated with the correct horizontalGrid" time="0.001" classname="PhantomJS 1.9.8 (Linux 0.0.0).BarChart #updateParameters"/>
    <testcase name="graph addFlow called with the correct parameters" time="0.002" classname="PhantomJS 1.9.8 (Linux 0.0.0).BarChart #addFlow"/>
    <testcase name="delete flow from graph" time="0.001" classname="PhantomJS 1.9.8 (Linux 0.0.0).BarChart #deleteFlow"/>
    <testcase name="delete flow from graph" time="0.001" classname="PhantomJS 1.9.8 (Linux 0.0.0).BarChart #replaceData"/>
    <testcase name="BarChartFlow inizializeData called in the right way" time="0.002" classname="PhantomJS 1.9.8 (Linux 0.0.0).BarChart #initializeData"/>
    <testcase name="BarChartFlow inPlaceUpdate called in the right way" time="0.001" classname="PhantomJS 1.9.8 (Linux 0.0.0).BarChart #inPlaceUpdate"/>
    <testcase name="deleteData in the correct way" time="0.005" classname="PhantomJS 1.9.8 (Linux 0.0.0).BarChart #deleteData"/>
    <testcase name="instance defined" time="0.001" classname="PhantomJS 1.9.8 (Linux 0.0.0).Flow Default constructor"/>
    <testcase name="constructor create the flow with the correct name" time="0.002" classname="PhantomJS 1.9.8 (Linux 0.0.0).Flow Default constructor"/>
    <testcase name="instance defined" time="0.001" classname="PhantomJS 1.9.8 (Linux 0.0.0).Flow Constructor"/>
    <testcase name="constructor create the flow with the correct name" time="0.001" classname="PhantomJS 1.9.8 (Linux 0.0.0).Flow Constructor"/>
    <testcase name="flow updated with the correct name" time="0.001" classname="PhantomJS 1.9.8 (Linux 0.0.0).Flow #updateParameters"/>
    <testcase name="instance defined" time="0.002" classname="PhantomJS 1.9.8 (Linux 0.0.0).Graph Default constructor"/>
    <testcase name="constructor create the graph with the correct title" time="0.001" classname="PhantomJS 1.9.8 (Linux 0.0.0).Graph Default constructor"/>
    <testcase name="constructor create the graph with the correct height" time="0.001" classname="PhantomJS 1.9.8 (Linux 0.0.0).Graph Default constructor"/>
    <testcase name="constructor create the graph with the correct width" time="0.001" classname="PhantomJS 1.9.8 (Linux 0.0.0).Graph Default constructor"/>
    <testcase name="constructor create the graph with the correct legend" time="0.001" classname="PhantomJS 1.9.8 (Linux 0.0.0).Graph Default constructor"/>
    <testcase name="constructor create the graph with the correct url" time="0.002" classname="PhantomJS 1.9.8 (Linux 0.0.0).Graph Default constructor"/>
    <testcase name="instance defined" time="0.001" classname="PhantomJS 1.9.8 (Linux 0.0.0).Graph Constructor"/>
    <testcase name="constructor create the graph with the correct title" time="0.001" classname="PhantomJS 1.9.8 (Linux 0.0.0).Graph Constructor"/>
    <testcase name="constructor create the graph with the correct height" time="0.001" classname="PhantomJS 1.9.8 (Linux 0.0.0).Graph Constructor"/>
    <testcase name="constructor create the graph with the correct width" time="0.001" classname="PhantomJS 1.9.8 (Linux 0.0.0).Graph Constructor"/>
    <testcase name="constructor create the graph with the correct legend" time="0.002" classname="PhantomJS 1.9.8 (Linux 0.0.0).Graph Constructor"/>
    <testcase name="constructor create the graph with the correct url" time="0.011" classname="PhantomJS 1.9.8 (Linux 0.0.0).Graph Constructor"/>
    <testcase name="graph updated with the correct title" time="0.001" classname="PhantomJS 1.9.8 (Linux 0.0.0).Graph #updateParameters"/>
    <testcase name="graph updated with the correct height" time="0.002" classname="PhantomJS 1.9.8 (Linux 0.0.0).Graph #updateParameters"/>
    <testcase name="graph updated with the correct width" time="0.001" classname="PhantomJS 1.9.8 (Linux 0.0.0).Graph #updateParameters"/>
    <testcase name="graph updated with the correct legend" time="0.005" classname="PhantomJS 1.9.8 (Linux 0.0.0).Graph #updateParameters"/>
    <testcase name="graph updated with the correct url" time="0.002" classname="PhantomJS 1.9.8 (Linux 0.0.0).Graph #updateParameters"/>
    <testcase name="add flow into graph" time="0.001" classname="PhantomJS 1.9.8 (Linux 0.0.0).Graph #addFlow"/>
    <testcase name="delete flow from graph" time="0.001" classname="PhantomJS 1.9.8 (Linux 0.0.0).Graph #deleteFlow"/>
    <testcase name="delete flow from graph" time="0.002" classname="PhantomJS 1.9.8 (Linux 0.0.0).Graph #replaceData"/>
    <testcase name="instance defined" time="0.002" classname="PhantomJS 1.9.8 (Linux 0.0.0).Legend Default constructor"/>
    <testcase name="constructor create the page with the correct position" time="0.001" classname="PhantomJS 1.9.8 (Linux 0.0.0).Legend Default constructor"/>
    <testcase name="constructor create the page with the correct font color" time="0.001" classname="PhantomJS 1.9.8 (Linux 0.0.0).Legend Default constructor"/>
    <testcase name="constructor create the page with the correct background" time="0.001" classname="PhantomJS 1.9.8 (Linux 0.0.0).Legend Default constructor"/>
    <testcase name="instance defined" time="0.011" classname="PhantomJS 1.9.8 (Linux 0.0.0).Legend Constructor"/>
    <testcase name="constructor create the page with the correct position" time="0.002" classname="PhantomJS 1.9.8 (Linux 0.0.0).Legend Constructor"/>
    <testcase name="constructor create the page with the correct font color" time="0.001" classname="PhantomJS 1.9.8 (Linux 0.0.0).Legend Constructor"/>
    <testcase name="constructor create the page with the correct background" time="0.001" classname="PhantomJS 1.9.8 (Linux 0.0.0).Legend Constructor"/>
    <testcase name="legend updated with the correct position" time="0.001" classname="PhantomJS 1.9.8 (Linux 0.0.0).Legend #updateParameters"/>
    <testcase name="legend updated with the correct font color" time="0.001" classname="PhantomJS 1.9.8 (Linux 0.0.0).Legend #updateParameters"/>
    <testcase name="legend updated with the correct background" time="0.001" classname="PhantomJS 1.9.8 (Linux 0.0.0).Legend #updateParameters"/>
    <testcase name="instance defined" time="0.001" classname="PhantomJS 1.9.8 (Linux 0.0.0).LineChartFlow Default constructor"/>
    <testcase name="constructor create the flow with the correct flowColor" time="0.001" classname="PhantomJS 1.9.8 (Linux 0.0.0).LineChartFlow Default constructor"/>
    <testcase name="constructor create the flow with the correct marker" time="0.002" classname="PhantomJS 1.9.8 (Linux 0.0.0).LineChartFlow Default constructor"/>
    <testcase name="constructor create the flow with the correct area" time="0.001" classname="PhantomJS 1.9.8 (Linux 0.0.0).LineChartFlow Default constructor"/>
    <testcase name="constructor create the flow with the correct max item displayed" time="0.001" classname="PhantomJS 1.9.8 (Linux 0.0.0).LineChartFlow Default constructor"/>
    <testcase name="instance defined" time="0.001" classname="PhantomJS 1.9.8 (Linux 0.0.0).LineChartFlow Constructor"/>
    <testcase name="constructor create the flow with the correct flowColor" time="0.001" classname="PhantomJS 1.9.8 (Linux 0.0.0).LineChartFlow Constructor"/>
    <testcase name="constructor create the flow with the correct marker" time="0.001" classname="PhantomJS 1.9.8 (Linux 0.0.0).LineChartFlow Constructor"/>
    <testcase name="constructor create the flow with the correct area" time="0.006" classname="PhantomJS 1.9.8 (Linux 0.0.0).LineChartFlow Constructor"/>
    <testcase name="constructor create the flow with the correct max item displayed" time="0.011" classname="PhantomJS 1.9.8 (Linux 0.0.0).LineChartFlow Constructor"/>
    <testcase name="flow updated with the correct flowColor" time="0.002" classname="PhantomJS 1.9.8 (Linux 0.0.0).LineChartFlow #updateParameters"/>
    <testcase name="flow updated with the correct marker" time="0.001" classname="PhantomJS 1.9.8 (Linux 0.0.0).LineChartFlow #updateParameters"/>
    <testcase name="flow updated with the correct area" time="0.001" classname="PhantomJS 1.9.8 (Linux 0.0.0).LineChartFlow #updateParameters"/>
    <testcase name="flow updated with the correct max item displayed" time="0.001" classname="PhantomJS 1.9.8 (Linux 0.0.0).LineChartFlow #updateParameters"/>
    <testcase name="data initialized in the correct way" time="0.001" classname="PhantomJS 1.9.8 (Linux 0.0.0).LineChartFlow #initializeData"/>
    <testcase name="data empty in the correct way" time="0.001" classname="PhantomJS 1.9.8 (Linux 0.0.0).LineChartFlow #emptyData"/>
    <testcase name="data updated in the correct way" time="0.001" classname="PhantomJS 1.9.8 (Linux 0.0.0).LineChartFlow #inPlaceUpdate"/>
    <testcase name="streamUpdate call initializedData in the correct way" time="0.002" classname="PhantomJS 1.9.8 (Linux 0.0.0).LineChartFlow #streamUpdate"/>
    <testcase name="data removed in the correct way" time="0.001" classname="PhantomJS 1.9.8 (Linux 0.0.0).LineChartFlow #deleteData"/>
    <testcase name="LineChart created" time="0.002" classname="PhantomJS 1.9.8 (Linux 0.0.0).LineChart Constructor"/>
    <testcase name="graph Constructor called" time="0.001" classname="PhantomJS 1.9.8 (Linux 0.0.0).LineChart Constructor"/>
    <testcase name="graph Constructor called" time="0.011" classname="PhantomJS 1.9.8 (Linux 0.0.0).LineChart Constructor"/>
    <testcase name="graph created with the correct legendOnPoint" time="0.002" classname="PhantomJS 1.9.8 (Linux 0.0.0).LineChart Constructor"/>
    <testcase name="graph created with the correct axisX" time="0.001" classname="PhantomJS 1.9.8 (Linux 0.0.0).LineChart Constructor"/>
    <testcase name="graph created with the correct axisY" time="0.002" classname="PhantomJS 1.9.8 (Linux 0.0.0).LineChart Constructor"/>
    <testcase name="graph created with the correct viewFinder" time="0.001" classname="PhantomJS 1.9.8 (Linux 0.0.0).LineChart Constructor"/>
    <testcase name="graph created with the correct background" time="0.001" classname="PhantomJS 1.9.8 (Linux 0.0.0).LineChart Constructor"/>
    <testcase name="graph created with the correct interpolation" time="0.001" classname="PhantomJS 1.9.8 (Linux 0.0.0).LineChart Constructor"/>
    <testcase name="graph created with the correct horizontalGrid" time="0.002" classname="PhantomJS 1.9.8 (Linux 0.0.0).LineChart Constructor"/>
    <testcase name="graph created with the correct verticalGrid" time="0.005" classname="PhantomJS 1.9.8 (Linux 0.0.0).LineChart Constructor"/>
    <testcase name="graph updated with the correct legendOnPoint" time="0.003" classname="PhantomJS 1.9.8 (Linux 0.0.0).LineChart #updateParameters"/>
    <testcase name="graph updated with the correct axisX" time="0.001" classname="PhantomJS 1.9.8 (Linux 0.0.0).LineChart #updateParameters"/>
    <testcase name="graph updated with the correct axisY" time="0.001" classname="PhantomJS 1.9.8 (Linux 0.0.0).LineChart #updateParameters"/>
    <testcase name="graph updated with the correct viewFinder" time="0.002" classname="PhantomJS 1.9.8 (Linux 0.0.0).LineChart #updateParameters"/>
    <testcase name="graph updated with the correct background" time="0.001" classname="PhantomJS 1.9.8 (Linux 0.0.0).LineChart #updateParameters"/>
    <testcase name="graph updated with the correct flow" time="0.001" classname="PhantomJS 1.9.8 (Linux 0.0.0).LineChart #updateParameters"/>
    <testcase name="graph updated with the correct interpolation" time="0.001" classname="PhantomJS 1.9.8 (Linux 0.0.0).LineChart #updateParameters"/>
    <testcase name="graph updated with the correct horizontalGrid" time="0.001" classname="PhantomJS 1.9.8 (Linux 0.0.0).LineChart #updateParameters"/>
    <testcase name="graph updated with the correct verticalGrid" time="0.001" classname="PhantomJS 1.9.8 (Linux 0.0.0).LineChart #updateParameters"/>
    <testcase name="graph addFlow called with the correct parameters" time="0.011" classname="PhantomJS 1.9.8 (Linux 0.0.0).LineChart #addFlow"/>
    <testcase name="delete flow from graph" time="0.001" classname="PhantomJS 1.9.8 (Linux 0.0.0).LineChart #deleteFlow"/>
    <testcase name="delete flow from graph" time="0.002" classname="PhantomJS 1.9.8 (Linux 0.0.0).LineChart #replaceData"/>
    <testcase name="LineChartFlow inizializeData called in the right way" time="0.001" classname="PhantomJS 1.9.8 (Linux 0.0.0).LineChart #initializeData"/>
    <testcase name="LineChartFlow inPlaceUpdate called in the right way" time="0.002" classname="PhantomJS 1.9.8 (Linux 0.0.0).LineChart #inPlaceUpdate"/>
    <testcase name="LineChartFlow streamUpdate called in the right way" time="0.001" classname="PhantomJS 1.9.8 (Linux 0.0.0).LineChart #streamUpdate"/>
    <testcase name="deleteData in the correct way" time="0.002" classname="PhantomJS 1.9.8 (Linux 0.0.0).LineChart #deleteData"/>
    <testcase name="instance defined" time="0.001" classname="PhantomJS 1.9.8 (Linux 0.0.0).MapChartFlow Default constructor"/>
    <testcase name="constructor create the flow with the correct marker" time="0.002" classname="PhantomJS 1.9.8 (Linux 0.0.0).MapChartFlow Default constructor"/>
    <testcase name="constructor create the flow with the correct max item displayed" time="0.001" classname="PhantomJS 1.9.8 (Linux 0.0.0).MapChartFlow Default constructor"/>
    <testcase name="constructor create the flow with the correct trace" time="0.005" classname="PhantomJS 1.9.8 (Linux 0.0.0).MapChartFlow Default constructor"/>
    <testcase name="instance defined" time="0.012" classname="PhantomJS 1.9.8 (Linux 0.0.0).MapChartFlow Constructor"/>
    <testcase name="constructor create the flow with the correct marker" time="0.002" classname="PhantomJS 1.9.8 (Linux 0.0.0).MapChartFlow Constructor"/>
    <testcase name="constructor create the flow with the correct max item displayed" time="0.003" classname="PhantomJS 1.9.8 (Linux 0.0.0).MapChartFlow Constructor"/>
    <testcase name="constructor create the flow with the correct trace" time="0.003" classname="PhantomJS 1.9.8 (Linux 0.0.0).MapChartFlow Constructor"/>
    <testcase name="flow updated with the correct marker" time="0.003" classname="PhantomJS 1.9.8 (Linux 0.0.0).MapChartFlow #updateParameters"/>
    <testcase name="flow updated with the correct max item displayed" time="0.001" classname="PhantomJS 1.9.8 (Linux 0.0.0).MapChartFlow #updateParameters"/>
    <testcase name="flow updated with the correct trace" time="0.002" classname="PhantomJS 1.9.8 (Linux 0.0.0).MapChartFlow #updateParameters"/>
    <testcase name="data initialize in the correct way" time="0.001" classname="PhantomJS 1.9.8 (Linux 0.0.0).MapChartFlow #initializeData"/>
    <testcase name="data empty in the correct way" time="0.001" classname="PhantomJS 1.9.8 (Linux 0.0.0).MapChartFlow #emptyData"/>
    <testcase name="data updated in the correct way" time="0.002" classname="PhantomJS 1.9.8 (Linux 0.0.0).MapChartFlow #inPlaceUpdate"/>
    <testcase name="streamUpdate call initializedData in the correct way" time="0.001" classname="PhantomJS 1.9.8 (Linux 0.0.0).MapChartFlow #streamUpdate"/>
    <testcase name="data removed in the correct way" time="0.001" classname="PhantomJS 1.9.8 (Linux 0.0.0).MapChartFlow #deleteData"/>
    <testcase name="MapChart created" time="0.012" classname="PhantomJS 1.9.8 (Linux 0.0.0).MapChart Constructor"/>
    <testcase name="graph Constructor called" time="0.002" classname="PhantomJS 1.9.8 (Linux 0.0.0).MapChart Constructor"/>
    <testcase name="graph Constructor called" time="0.001" classname="PhantomJS 1.9.8 (Linux 0.0.0).MapChart Constructor"/>
    <testcase name="graph created with the correct legendOnPoint" time="0.002" classname="PhantomJS 1.9.8 (Linux 0.0.0).MapChart Constructor"/>
    <testcase name="graph created with the correct latitude" time="0.001" classname="PhantomJS 1.9.8 (Linux 0.0.0).MapChart Constructor"/>
    <testcase name="graph created with the correct longitude" time="0.001" classname="PhantomJS 1.9.8 (Linux 0.0.0).MapChart Constructor"/>
    <testcase name="graph created with the correct mapType" time="0.001" classname="PhantomJS 1.9.8 (Linux 0.0.0).MapChart Constructor"/>
    <testcase name="graph created with the correct zoom" time="0.002" classname="PhantomJS 1.9.8 (Linux 0.0.0).MapChart Constructor"/>
    <testcase name="graph created with the correct drag" time="0.006" classname="PhantomJS 1.9.8 (Linux 0.0.0).MapChart Constructor"/>
    <testcase name="graph created with the correct mapWidth" time="0.001" classname="PhantomJS 1.9.8 (Linux 0.0.0).MapChart Constructor"/>
    <testcase name="graph created with the correct mapHeight" time="0.002" classname="PhantomJS 1.9.8 (Linux 0.0.0).MapChart Constructor"/>
    <testcase name="MapChart created" time="0.002" classname="PhantomJS 1.9.8 (Linux 0.0.0).MapChart #updateParameters"/>
    <testcase name="graph updated with the correct legendOnPoint" time="0.001" classname="PhantomJS 1.9.8 (Linux 0.0.0).MapChart #updateParameters"/>
    <testcase name="graph updated with the correct latitude" time="0.001" classname="PhantomJS 1.9.8 (Linux 0.0.0).MapChart #updateParameters"/>
    <testcase name="graph updated with the correct longitude" time="0.001" classname="PhantomJS 1.9.8 (Linux 0.0.0).MapChart #updateParameters"/>
    <testcase name="graph updated with the correct mapType" time="0.002" classname="PhantomJS 1.9.8 (Linux 0.0.0).MapChart #updateParameters"/>
    <testcase name="graph updated with the correct zoom" time="0.001" classname="PhantomJS 1.9.8 (Linux 0.0.0).MapChart #updateParameters"/>
    <testcase name="graph update with the correct drag" time="0.001" classname="PhantomJS 1.9.8 (Linux 0.0.0).MapChart #updateParameters"/>
    <testcase name="graph updated with the correct flows" time="0.002" classname="PhantomJS 1.9.8 (Linux 0.0.0).MapChart #updateParameters"/>
    <testcase name="graph updated with the correct mapWidth" time="0.011" classname="PhantomJS 1.9.8 (Linux 0.0.0).MapChart #updateParameters"/>
    <testcase name="graph updated with the correct mapHeight" time="0.002" classname="PhantomJS 1.9.8 (Linux 0.0.0).MapChart #updateParameters"/>
    <testcase name="add flow into mapchart" time="0.001" classname="PhantomJS 1.9.8 (Linux 0.0.0).MapChart #addFlow"/>
    <testcase name="delete flow from graph" time="0.002" classname="PhantomJS 1.9.8 (Linux 0.0.0).MapChart #deleteFlow"/>
    <testcase name="delete flow from graph" time="0.001" classname="PhantomJS 1.9.8 (Linux 0.0.0).MapChart #replaceData"/>
    <testcase name="inizialize flowList" time="0.002" classname="PhantomJS 1.9.8 (Linux 0.0.0).MapChart #initializeData"/>
    <testcase name="inizialize flowList" time="0.001" classname="PhantomJS 1.9.8 (Linux 0.0.0).MapChart #inPlaceUpdate"/>
    <testcase name="inizialize flowList" time="0.001" classname="PhantomJS 1.9.8 (Linux 0.0.0).MapChart #streamUpdate"/>
    <testcase name="deleteData in the correct way" time="0.001" classname="PhantomJS 1.9.8 (Linux 0.0.0).MapChart #deleteData"/>
    <testcase name="instance defined" time="0.001" classname="PhantomJS 1.9.8 (Linux 0.0.0).Page Default constructor"/>
    <testcase name="constructor create the page with the correct name" time="0.005" classname="PhantomJS 1.9.8 (Linux 0.0.0).Page Default constructor"/>
    <testcase name="constructor create the page with the correct description" time="0.011" classname="PhantomJS 1.9.8 (Linux 0.0.0).Page Default constructor"/>
    <testcase name="constructor create the page with the correct number of graphsPerRow" time="0.001" classname="PhantomJS 1.9.8 (Linux 0.0.0).Page Default constructor"/>
    <testcase name="constructor create the page with the correct number of graphsPerCol" time="0.002" classname="PhantomJS 1.9.8 (Linux 0.0.0).Page Default constructor"/>
    <testcase name="constructor create the page with the correct socketURL" time="0.001" classname="PhantomJS 1.9.8 (Linux 0.0.0).Page Default constructor"/>
    <testcase name="constructor create the page with the correct number of graphs" time="0.001" classname="PhantomJS 1.9.8 (Linux 0.0.0).Page Default constructor"/>
    <testcase name="instance defined" time="0.001" classname="PhantomJS 1.9.8 (Linux 0.0.0).Page Constructor"/>
    <testcase name="constructor create the page with the correct name" time="0.001" classname="PhantomJS 1.9.8 (Linux 0.0.0).Page Constructor"/>
    <testcase name="constructor create the page with the correct description" time="0.002" classname="PhantomJS 1.9.8 (Linux 0.0.0).Page Constructor"/>
    <testcase name="constructor create the page with the correct number of graphsPerRow" time="0.001" classname="PhantomJS 1.9.8 (Linux 0.0.0).Page Constructor"/>
    <testcase name="constructor create the page with the correct number of graphsPerCol" time="0.001" classname="PhantomJS 1.9.8 (Linux 0.0.0).Page Constructor"/>
    <testcase name="constructor create the page with the correct socketURL" time="0.001" classname="PhantomJS 1.9.8 (Linux 0.0.0).Page Constructor"/>
    <testcase name="constructor create the page with the correct number of graphs" time="0.001" classname="PhantomJS 1.9.8 (Linux 0.0.0).Page Constructor"/>
    <testcase name="page updated with the correct name" time="0.002" classname="PhantomJS 1.9.8 (Linux 0.0.0).Page #updateParameters"/>
    <testcase name="page updated with the correct description" time="0.001" classname="PhantomJS 1.9.8 (Linux 0.0.0).Page #updateParameters"/>
    <testcase name="page updated with the correct number of graphsPerRow" time="0.001" classname="PhantomJS 1.9.8 (Linux 0.0.0).Page #updateParameters"/>
    <testcase name="page updated with the correct number of graphsPerCol" time="0.001" classname="PhantomJS 1.9.8 (Linux 0.0.0).Page #updateParameters"/>
    <testcase name="graphs added correctly to the list" time="0.001" classname="PhantomJS 1.9.8 (Linux 0.0.0).Page #addGraph"/>
    <testcase name="instance defined" time="0.002" classname="PhantomJS 1.9.8 (Linux 0.0.0).PagesList Default constructor"/>
    <testcase name="constructor create an array with the exactly number of pages" time="0.001" classname="PhantomJS 1.9.8 (Linux 0.0.0).PagesList Default constructor"/>
    <testcase name="instance defined" time="0.001" classname="PhantomJS 1.9.8 (Linux 0.0.0).PagesList Constructor"/>
    <testcase name="constructor create an array with the exactly number of pages" time="0.002" classname="PhantomJS 1.9.8 (Linux 0.0.0).PagesList Constructor"/>
    <testcase name="page added to the pagesList" time="0.001" classname="PhantomJS 1.9.8 (Linux 0.0.0).PagesList #addPage"/>
    <testcase name="default constructor create the flow in the correct way" time="0.006" classname="PhantomJS 1.9.8 (Linux 0.0.0).TableFlow Default constructor"/>
    <testcase name="constructor create the flow with the correct max item displayed" time="0.002" classname="PhantomJS 1.9.8 (Linux 0.0.0).TableFlow Constructor"/>
    <testcase name="flow updated with the correct max item displayed" time="0.001" classname="PhantomJS 1.9.8 (Linux 0.0.0).TableFlow #updateParameters"/>
    <testcase name="data inizialize in the correct way" time="0.001" classname="PhantomJS 1.9.8 (Linux 0.0.0).TableFlow #initializeData"/>
    <testcase name="data empty in the correct way" time="0.002" classname="PhantomJS 1.9.8 (Linux 0.0.0).TableFlow #emptyData"/>
    <testcase name="data updated in the correct way" time="0.001" classname="PhantomJS 1.9.8 (Linux 0.0.0).TableFlow #inPlaceUpdate"/>
    <testcase name="streamUpdate call initializedData in the correct way" time="0.001" classname="PhantomJS 1.9.8 (Linux 0.0.0).TableFlow #streamUpdate"/>
    <testcase name="data removed in the correct way" time="0.001" classname="PhantomJS 1.9.8 (Linux 0.0.0).TableFlow #deleteData"/>
    <testcase name="Table created" time="0.002" classname="PhantomJS 1.9.8 (Linux 0.0.0).Table Constructor"/>
    <testcase name="graph Constructor called" time="0.001" classname="PhantomJS 1.9.8 (Linux 0.0.0).Table Constructor"/>
    <testcase name="graph Constructor called" time="0.001" classname="PhantomJS 1.9.8 (Linux 0.0.0).Table Constructor"/>
    <testcase name="graph created with the correct headers" time="0.001" classname="PhantomJS 1.9.8 (Linux 0.0.0).Table Constructor"/>
    <testcase name="graph created with the correct item displayed per page" time="0.002" classname="PhantomJS 1.9.8 (Linux 0.0.0).Table Constructor"/>
    <testcase name="graph created with the correct add data position" time="0.001" classname="PhantomJS 1.9.8 (Linux 0.0.0).Table Constructor"/>
    <testcase name="graph created with the correct sortable" time="0.001" classname="PhantomJS 1.9.8 (Linux 0.0.0).Table Constructor"/>
    <testcase name="graph created with the correct sort" time="0.001" classname="PhantomJS 1.9.8 (Linux 0.0.0).Table Constructor"/>
    <testcase name="graph created with the correct appearance" time="0.001" classname="PhantomJS 1.9.8 (Linux 0.0.0).Table Constructor"/>
    <testcase name="Table created" time="0.002" classname="PhantomJS 1.9.8 (Linux 0.0.0).Table #updateParameters"/>
    <testcase name="graph updated with the correct headers" time="0.001" classname="PhantomJS 1.9.8 (Linux 0.0.0).Table #updateParameters"/>
    <testcase name="graph updated with the correct item displayed per page" time="0.011" classname="PhantomJS 1.9.8 (Linux 0.0.0).Table #updateParameters"/>
    <testcase name="graph updated with the correct add data position" time="0.002" classname="PhantomJS 1.9.8 (Linux 0.0.0).Table #updateParameters"/>
    <testcase name="graph updated with the correct sortable" time="0.001" classname="PhantomJS 1.9.8 (Linux 0.0.0).Table #updateParameters"/>
    <testcase name="graph updated with the correct sort" time="0.002" classname="PhantomJS 1.9.8 (Linux 0.0.0).Table #updateParameters"/>
    <testcase name="graph updated with the correct appearance" time="0.006" classname="PhantomJS 1.9.8 (Linux 0.0.0).Table #updateParameters"/>
    <testcase name="graph updated with the correct flow" time="0.001" classname="PhantomJS 1.9.8 (Linux 0.0.0).Table #updateParameters"/>
    <testcase name="graph addFlow called with the correct parameters" time="0.002" classname="PhantomJS 1.9.8 (Linux 0.0.0).Table #addFlow"/>
    <testcase name="delete flow from graph" time="0.001" classname="PhantomJS 1.9.8 (Linux 0.0.0).Table #deleteFlow"/>
    <testcase name="delete flow from graph" time="0.001" classname="PhantomJS 1.9.8 (Linux 0.0.0).Table #replaceData"/>
    <testcase name="TableFlow inizializeData called in the right way" time="0.001" classname="PhantomJS 1.9.8 (Linux 0.0.0).Table #initializeData"/>
    <testcase name="TableFlow inPlaceUpdate called in the right way" time="0.001" classname="PhantomJS 1.9.8 (Linux 0.0.0).Table #inPlaceUpdate"/>
    <testcase name="inizialize flowList" time="0.002" classname="PhantomJS 1.9.8 (Linux 0.0.0).Table #streamUpdate"/>
    <testcase name="deleteData in the correct way" time="0.001" classname="PhantomJS 1.9.8 (Linux 0.0.0).Table #deleteData"/>
    <testcase name="urlProvider created" time="0.002" classname="PhantomJS 1.9.8 (Linux 0.0.0).UrlProvider Constructor"/>
    <testcase name="urlProvider updated" time="0.001" classname="PhantomJS 1.9.8 (Linux 0.0.0).UrlProvider #setUrl"/>
    <testcase name="works fine" time="0.02" classname="PhantomJS 1.9.8 (Linux 0.0.0).BarChartView Constructor"/>
    <testcase name="works fine" time="0.005" classname="PhantomJS 1.9.8 (Linux 0.0.0).LineChartView Constructor"/>
    <testcase name="works fine" time="0.005" classname="PhantomJS 1.9.8 (Linux 0.0.0).MapChartView Constructor"/>
    <testcase name="works fine" time="0.004" classname="PhantomJS 1.9.8 (Linux 0.0.0).PageView Constructor">
      <failure type="">Error: [$injector:modulerr] Failed to instantiate module function ($provide) due to:
TypeError: &apos;undefined&apos; is not a function (evaluating &apos;$provide.controller(&apos;PageController&apos;, function($scope){
				$scope.page = null;
			})&apos;)
    at /home/travis/build/DeltaGraphs/norris-nrti/frontend/test/unit/View/PageViewSpec.js:32
    at invoke (/home/travis/build/DeltaGraphs/norris-nrti/frontend/app/bower_components/angular/angular.js:4426)
    at /home/travis/build/DeltaGraphs/norris-nrti/frontend/app/bower_components/angular/angular.js:4343
    at forEach (/home/travis/build/DeltaGraphs/norris-nrti/frontend/app/bower_components/angular/angular.js:336)
    at loadModules (/home/travis/build/DeltaGraphs/norris-nrti/frontend/app/bower_components/angular/angular.js:4364)
    at createInjector (/home/travis/build/DeltaGraphs/norris-nrti/frontend/app/bower_components/angular/angular.js:4248)
    at workFn (/home/travis/build/DeltaGraphs/norris-nrti/frontend/app/bower_components/angular-mocks/angular-mocks.js:2409)
    at /home/travis/build/DeltaGraphs/norris-nrti/frontend/app/bower_components/angular-mocks/angular-mocks.js:2392
    at /home/travis/build/DeltaGraphs/norris-nrti/frontend/test/unit/View/PageViewSpec.js:52
http://errors.angularjs.org/1.4.0/$injector/modulerr?p0=function%20(%24provide)&amp;p1=TypeError%3A%20&apos;undefined&apos;%20is%20not%20a%20function%20(evaluating%20&apos;%24provide.controller(&apos;PageController&apos;%2C%20function(%24scope)%7B%0A%09%09%09%09%24scope.page%20%3D%20null%3B%0A%09%09%09%7D)&apos;)%0A%20%20%20%20at%20http%3A%2F%2Flocalhost%3A15077%2Fbase%2Ftest%2Funit%2FView%2FPageViewSpec.js%3Fd93782549dac38197f328831a4c9acb03dfbf3a1%3A32%0A%20%20%20%20at%20invoke%20(http%3A%2F%2Flocalhost%3A15077%2Fbase%2Fapp%2Fbower_components%2Fangular%2Fangular.js%3Fa8801ba98c78d07cf4bb6282c977b19635e11eb6%3A4426)%0A%20%20%20%20at%20http%3A%2F%2Flocalhost%3A15077%2Fbase%2Fapp%2Fbower_components%2Fangular%2Fangular.js%3Fa8801ba98c78d07cf4bb6282c977b19635e11eb6%3A4343%0A%20%20%20%20at%20forEach%20(http%3A%2F%2Flocalhost%3A15077%2Fbase%2Fapp%2Fbower_components%2Fangular%2Fangular.js%3Fa8801ba98c78d07cf4bb6282c977b19635e11eb6%3A336)%0A%20%20%20%20at%20loadModules%20(http%3A%2F%2Flocalhost%3A15077%2Fbase%2Fapp%2Fbower_components%2Fangular%2Fangular.js%3Fa8801ba98c78d07cf4bb6282c977b19635e11eb6%3A4364)%0A%20%20%20%20at%20createInjector%20(http%3A%2F%2Flocalhost%3A15077%2Fbase%2Fapp%2Fbower_components%2Fangular%2Fangular.js%3Fa8801ba98c78d07cf4bb6282c977b19635e11eb6%3A4248)%0A%20%20%20%20at%20workFn%20(http%3A%2F%2Flocalhost%3A15077%2Fbase%2Fapp%2Fbower_components%2Fangular-mocks%2Fangular-mocks.js%3F88564a421ab0312bc0e077aecc890729894fa256%3A2409)%0A%20%20%20%20at%20http%3A%2F%2Flocalhost%3A15077%2Fbase%2Fapp%2Fbower_components%2Fangular-mocks%2Fangular-mocks.js%3F88564a421ab0312bc0e077aecc890729894fa256%3A2392%0A%20%20%20%20at%20http%3A%2F%2Flocalhost%3A15077%2Fbase%2Ftest%2Funit%2FView%2FPageViewSpec.js%3Fd93782549dac38197f328831a4c9acb03dfbf3a1%3A52%0A%20%20%20%20at%20attemptSync%20(http%3A%2F%2Flocalhost%3A15077%2Fbase%2Fnode_modules%2Fjasmine-core%2Flib%2Fjasmine-core%2Fjasmine.js%3F578a1e5ff14db21b04e2d6db7fd0eda37042440c%3A1789)%0A%20%20%20%20at%20http%3A%2F%2Flocalhost%3A15077%2Fbase%2Fnode_modules%2Fjasmine-core%2Flib%2Fjasmine-core%2Fjasmine.js%3F578a1e5ff14db21b04e2d6db7fd0eda37042440c%3A1777%0A%20%20%20%20at%20http%3A%2F%2Flocalhost%3A15077%2Fbase%2Fnode_modules%2Fjasmine-core%2Flib%2Fjasmine-core%2Fjasmine.js%3F578a1e5ff14db21b04e2d6db7fd0eda37042440c%3A1762%0A%20%20%20%20at%20http%3A%2F%2Flocalhost%3A15077%2Fbase%2Fnode_modules%2Fjasmine-core%2Flib%2Fjasmine-core%2Fjasmine.js%3F578a1e5ff14db21b04e2d6db7fd0eda37042440c%3A627%0A%20%20%20%20at%20http%3A%2F%2Flocalhost%3A15077%2Fbase%2Fnode_modules%2Fjasmine-core%2Flib%2Fjasmine-core%2Fjasmine.js%3F578a1e5ff14db21b04e2d6db7fd0eda37042440c%3A357%0A%20%20%20%20at%20http%3A%2F%2Flocalhost%3A15077%2Fbase%2Fnode_modules%2Fjasmine-core%2Flib%2Fjasmine-core%2Fjasmine.js%3F578a1e5ff14db21b04e2d6db7fd0eda37042440c%3A2360%0A%20%20%20%20at%20attemptAsync%20(http%3A%2F%2Flocalhost%3A15077%2Fbase%2Fnode_modules%2Fjasmine-core%2Flib%2Fjasmine-core%2Fjasmine.js%3F578a1e5ff14db21b04e2d6db7fd0eda37042440c%3A1819)%0A%20%20%20%20at%20http%3A%2F%2Flocalhost%3A15077%2Fbase%2Fnode_modules%2Fjasmine-core%2Flib%2Fjasmine-core%2Fjasmine.js%3F578a1e5ff14db21b04e2d6db7fd0eda37042440c%3A1774%0A%20%20%20%20at%20http%3A%2F%2Flocalhost%3A15077%2Fbase%2Fnode_modules%2Fjasmine-core%2Flib%2Fjasmine-core%2Fjasmine.js%3F578a1e5ff14db21b04e2d6db7fd0eda37042440c%3A1762%0A%20%20%20%20at%20http%3A%2F%2Flocalhost%3A15077%2Fbase%2Fnode_modules%2Fjasmine-core%2Flib%2Fjasmine-core%2Fjasmine.js%3F578a1e5ff14db21b04e2d6db7fd0eda37042440c%3A627%0A%20%20%20%20at%20http%3A%2F%2Flocalhost%3A15077%2Fbase%2Fnode_modules%2Fjasmine-core%2Flib%2Fjasmine-core%2Fjasmine.js%3F578a1e5ff14db21b04e2d6db7fd0eda37042440c%3A2354%0A%20%20%20%20at%20attemptAsync%20(http%3A%2F%2Flocalhost%3A15077%2Fbase%2Fnode_modules%2Fjasmine-core%2Flib%2Fjasmine-core%2Fjasmine.js%3F578a1e5ff14db21b04e2d6db7fd0eda37042440c%3A1819)%0A%20%20%20%20at%20http%3A%2F%2Flocalhost%3A15077%2Fbase%2Fnode_modules%2Fjasmine-core%2Flib%2Fjasmine-core%2Fjasmine.js%3F578a1e5ff14db21b04e2d6db7fd0eda37042440c%3A1774%0A%20%20%20%20at%20http%3A%2F%2Flocalhost%3A15077%2Fbase%2Fnode_modules%2Fjasmine-core%2Flib%2Fjasmine-core%2Fjasmine.js%3F578a1e5ff14db21b04e2d6db7fd0eda37042440c%3A1762%0A%20%20%20%20at%20http%3A%2F%2Flocalhost%3A15077%2Fbase%2Fnode_modules%2Fjasmine-core%2Flib%2Fjasmine-core%2Fjasmine.js%3F578a1e5ff14db21b04e2d6db7fd0eda37042440c%3A627%0A%20%20%20%20at%20http%3A%2F%2Flocalhost%3A15077%2Fbase%2Fnode_modules%2Fjasmine-core%2Flib%2Fjasmine-core%2Fjasmine.js%3F578a1e5ff14db21b04e2d6db7fd0eda37042440c%3A2354%0A%20%20%20%20at%20attemptAsync%20(http%3A%2F%2Flocalhost%3A15077%2Fbase%2Fnode_modules%2Fjasmine-core%2Flib%2Fjasmine-core%2Fjasmine.js%3F578a1e5ff14db21b04e2d6db7fd0eda37042440c%3A1819)%0A%20%20%20%20at%20http%3A%2F%2Flocalhost%3A15077%2Fbase%2Fnode_modules%2Fjasmine-core%2Flib%2Fjasmine-core%2Fjasmine.js%3F578a1e5ff14db21b04e2d6db7fd0eda37042440c%3A1774%0A%20%20%20%20at%20http%3A%2F%2Flocalhost%3A15077%2Fbase%2Fnode_modules%2Fjasmine-core%2Flib%2Fjasmine-core%2Fjasmine.js%3F578a1e5ff14db21b04e2d6db7fd0eda37042440c%3A1801%0A%20%20%20%20at%20http%3A%2F%2Flocalhost%3A15077%2Fbase%2Fnode_modules%2Fjasmine-core%2Flib%2Fjasmine-core%2Fjasmine.js%3F578a1e5ff14db21b04e2d6db7fd0eda37042440c%3A1745%0A%20%20%20%20at%20http%3A%2F%2Flocalhost%3A15077%2Fbase%2Fnode_modules%2Fjasmine-core%2Flib%2Fjasmine-core%2Fjasmine.js%3F578a1e5ff14db21b04e2d6db7fd0eda37042440c%3A2348%0A%20%20%20%20at%20clearStack%20(http%3A%2F%2Flocalhost%3A15077%2Fbase%2Fnode_modules%2Fjasmine-core%2Flib%2Fjasmine-core%2Fjasmine.js%3F578a1e5ff14db21b04e2d6db7fd0eda37042440c%3A605)%0A%20%20%20%20at%20http%3A%2F%2Flocalhost%3A15077%2Fbase%2Fnode_modules%2Fjasmine-core%2Flib%2Fjasmine-core%2Fjasmine.js%3F578a1e5ff14db21b04e2d6db7fd0eda37042440c%3A1784%0A%20%20%20%20at%20http%3A%2F%2Flocalhost%3A15077%2Fbase%2Fnode_modules%2Fjasmine-core%2Flib%2Fjasmine-core%2Fjasmine.js%3F578a1e5ff14db21b04e2d6db7fd0eda37042440c%3A1801%0A%20%20%20%20at%20http%3A%2F%2Flocalhost%3A15077%2Fbase%2Fnode_modules%2Fjasmine-core%2Flib%2Fjasmine-core%2Fjasmine.js%3F578a1e5ff14db21b04e2d6db7fd0eda37042440c%3A1745%0A%20%20%20%20at%20http%3A%2F%2Flocalhost%3A15077%2Fbase%2Fnode_modules%2Fjasmine-core%2Flib%2Fjasmine-core%2Fjasmine.js%3F578a1e5ff14db21b04e2d6db7fd0eda37042440c%3A2348%0A%20%20%20%20at%20clearStack%20(http%3A%2F%2Flocalhost%3A15077%2Fbase%2Fnode_modules%2Fjasmine-core%2Flib%2Fjasmine-core%2Fjasmine.js%3F578a1e5ff14db21b04e2d6db7fd0eda37042440c%3A605)%0A%20%20%20%20at%20http%3A%2F%2Flocalhost%3A15077%2Fbase%2Fnode_modules%2Fjasmine-core%2Flib%2Fjasmine-core%2Fjasmine.js%3F578a1e5ff14db21b04e2d6db7fd0eda37042440c%3A1784%0A%20%20%20%20at%20http%3A%2F%2Flocalhost%3A15077%2Fbase%2Fnode_modules%2Fjasmine-core%2Flib%2Fjasmine-core%2Fjasmine.js%3F578a1e5ff14db21b04e2d6db7fd0eda37042440c%3A1801%0A%20%20%20%20at%20http%3A%2F%2Flocalhost%3A15077%2Fbase%2Fnode_modules%2Fjasmine-core%2Flib%2Fjasmine-core%2Fjasmine.js%3F578a1e5ff14db21b04e2d6db7fd0eda37042440c%3A1745%0A%20%20%20%20at%20complete%20(http%3A%2F%2Flocalhost%3A15077%2Fbase%2Fnode_modules%2Fjasmine-core%2Flib%2Fjasmine-core%2Fjasmine.js%3F578a1e5ff14db21b04e2d6db7fd0eda37042440c%3A365)%0A%20%20%20%20at%20clearStack%20(http%3A%2F%2Flocalhost%3A15077%2Fbase%2Fnode_modules%2Fjasmine-core%2Flib%2Fjasmine-core%2Fjasmine.js%3F578a1e5ff14db21b04e2d6db7fd0eda37042440c%3A605)%0A%20%20%20%20at%20http%3A%2F%2Flocalhost%3A15077%2Fbase%2Fnode_modules%2Fjasmine-core%2Flib%2Fjasmine-core%2Fjasmine.js%3F578a1e5ff14db21b04e2d6db7fd0eda37042440c%3A1784%0A%20%20%20%20at%20http%3A%2F%2Flocalhost%3A15077%2Fbase%2Fnode_modules%2Fjasmine-core%2Flib%2Fjasmine-core%2Fjasmine.js%3F578a1e5ff14db21b04e2d6db7fd0eda37042440c%3A1762%0A%20%20%20%20at%20http%3A%2F%2Flocalhost%3A15077%2Fbase%2Fnode_modules%2Fjasmine-core%2Flib%2Fjasmine-core%2Fjasmine.js%3F578a1e5ff14db21b04e2d6db7fd0eda37042440c%3A627%0A%20%20%20%20at%20http%3A%2F%2Flocalhost%3A15077%2Fbase%2Fnode_modules%2Fjasmine-core%2Flib%2Fjasmine-core%2Fjasmine.js%3F578a1e5ff14db21b04e2d6db7fd0eda37042440c%3A357%0A%20%20%20%20at%20http%3A%2F%2Flocalhost%3A15077%2Fbase%2Fnode_modules%2Fjasmine-core%2Flib%2Fjasmine-core%2Fjasmine.js%3F578a1e5ff14db21b04e2d6db7fd0eda37042440c%3A2360%0A%20%20%20%20at%20attemptAsync%20(http%3A%2F%2Flocalhost%3A15077%2Fbase%2Fnode_modules%2Fjasmine-core%2Flib%2Fjasmine-core%2Fjasmine.js%3F578a1e5ff14db21b04e2d6db7fd0eda37042440c%3A1819)%0A%20%20%20%20at%20http%3A%2F%2Flocalhost%3A15077%2Fbase%2Fnode_modules%2Fjasmine-core%2Flib%2Fjasmine-core%2Fjasmine.js%3F578a1e5ff14db21b04e2d6db7fd0eda37042440c%3A1774%0A%20%20%20%20at%20http%3A%2F%2Flocalhost%3A15077%2Fbase%2Fnode_modules%2Fjasmine-core%2Flib%2Fjasmine-core%2Fjasmine.js%3F578a1e5ff14db21b04e2d6db7fd0eda37042440c%3A1762%0A%20%20%20%20at%20http%3A%2F%2Flocalhost%3A15077%2Fbase%2Fnode_modules%2Fjasmine-core%2Flib%2Fjasmine-core%2Fjasmine.js%3F578a1e5ff14db21b04e2d6db7fd0eda37042440c%3A627%0A%20%20%20%20at%20http%3A%2F%2Flocalhost%3A15077%2Fbase%2Fnode_modules%2Fjasmine-core%2Flib%2Fjasmine-core%2Fjasmine.js%3F578a1e5ff14db21b04e2d6db7fd0eda37042440c%3A2354%0A%20%20%20%20at%20attemptAsync%20(http%3A%2F%2Flocalhost%3A15077%2Fbase%2Fnode_modules%2Fjasmine-core%2Flib%2Fjasmine-core%2Fjasmine.js%3F578a1e5ff14db21b04e2d6db7fd0eda37042440c%3A1819)%0A%20%20%20%20at%20http%3A%2F%2Flocalhost%3A15077%2Fbase%2Fnode_modules%2Fjasmine-core%2Flib%2Fjasmine-core%2Fjasmine.js%3F578a1e5ff14db21b04e2d6db7fd0eda37042440c%3A1774%0A%20%20%20%20at%20http%3A%2F%2Flocalhost%3A15077%2Fbase%2Fnode_modules%2Fjasmine-core%2Flib%2Fjasmine-core%2Fjasmine.js%3F578a1e5ff14db21b04e2d6db7fd0eda37042440c%3A1762%0A%20%20%20%20at%20http%3A%2F%2Flocalhost%3A15077%2Fbase%2Fnode_modules%2Fjasmine-core%2Flib%2Fjasmine-core%2Fjasmine.js%3F578a1e5ff14db21b04e2d6db7fd0eda37042440c%3A627%0A%20%20%20%20at%20http%3A%2F%2Flocalhost%3A15077%2Fbase%2Fnode_modules%2Fjasmine-core%2Flib%2Fjasmine-core%2Fjasmine.js%3F578a1e5ff14db21b04e2d6db7fd0eda37042440c%3A2354%0A%20%20%20%20at%20attemptAsync%20(http%3A%2F%2Flocalhost%3A15077%2Fbase%2Fnode_modules%2Fjasmine-core%2Flib%2Fjasmine-core%2Fjasmine.js%3F578a1e5ff14db21b04e2d6db7fd0eda37042440c%3A1819)%0A%20%20%20%20at%20http%3A%2F%2Flocalhost%3A15077%2Fbase%2Fnode_modules%2Fjasmine-core%2Flib%2Fjasmine-core%2Fjasmine.js%3F578a1e5ff14db21b04e2d6db7fd0eda37042440c%3A1774%0A%20%20%20%20at%20http%3A%2F%2Flocalhost%3A15077%2Fbase%2Fnode_modules%2Fjasmine-core%2Flib%2Fjasmine-core%2Fjasmine.js%3F578a1e5ff14db21b04e2d6db7fd0eda37042440c%3A1801%0A%20%20%20%20at%20http%3A%2F%2Flocalhost%3A15077%2Fbase%2Fnode_modules%2Fjasmine-core%2Flib%2Fjasmine-core%2Fjasmine.js%3F578a1e5ff14db21b04e2d6db7fd0eda37042440c%3A1745%0A%20%20%20%20at%20http%3A%2F%2Flocalhost%3A15077%2Fbase%2Fnode_modules%2Fjasmine-core%2Flib%2Fjasmine-core%2Fjasmine.js%3F578a1e5ff14db21b04e2d6db7fd0eda37042440c%3A2348%0A%20%20%20%20at%20clearStack%20(http%3A%2F%2Flocalhost%3A15077%2Fbase%2Fnode_modules%2Fjasmine-core%2Flib%2Fjasmine-core%2Fjasmine.js%3F578a1e5ff14db21b04e2d6db7fd0eda37042440c%3A605)%0A%20%20%20%20at%20http%3A%2F%2Flocalhost%3A15077%2Fbase%2Fnode_modules%2Fjasmine-core%2Flib%2Fjasmine-core%2Fjasmine.js%3F578a1e5ff14db21b04e2d6db7fd0eda37042440c%3A1784%0A%20%20%20%20at%20http%3A%2F%2Flocalhost%3A15077%2Fbase%2Fnode_modules%2Fjasmine-core%2Flib%2Fjasmine-core%2Fjasmine.js%3F578a1e5ff14db21b04e2d6db7fd0eda37042440c%3A1801%0A%20%20%20%20at%20http%3A%2F%2Flocalhost%3A15077%2Fbase%2Fnode_modules%2Fjasmine-core%2Flib%2Fjasmine-core%2Fjasmine.js%3F578a1e5ff14db21b04e2d6db7fd0eda37042440c%3A1745%0A%20%20%20%20at%20http%3A%2F%2Flocalhost%3A15077%2Fbase%2Fnode_modules%2Fjasmine-core%2Flib%2Fjasmine-core%2Fjasmine.js%3F578a1e5ff14db21b04e2d6db7fd0eda37042440c%3A2348%0A%20%20%20%20at%20clearStack%20(http%3A%2F%2Flocalhost%3A15077%2Fbase%2Fnode_modules%2Fjasmine-core%2Flib%2Fjasmine-core%2Fjasmine.js%3F578a1e5ff14db21b04e2d6db7fd0eda37042440c%3A605)%0A%20%20%20%20at%20http%3A%2F%2Flocalhost%3A15077%2Fbase%2Fnode_modules%2Fjasmine-core%2Flib%2Fjasmine-core%2Fjasmine.js%3F578a1e5ff14db21b04e2d6db7fd0eda37042440c%3A1784%0A%20%20%20%20at%20http%3A%2F%2Flocalhost%3A15077%2Fbase%2Fnode_modules%2Fjasmine-core%2Flib%2Fjasmine-core%2Fjasmine.js%3F578a1e5ff14db21b04e2d6db7fd0eda37042440c%3A1801%0A%20%20%20%20at%20http%3A%2F%2Flocalhost%3A15077%2Fbase%2Fnode_modules%2Fjasmine-core%2Flib%2Fjasmine-core%2Fjasmine.js%3F578a1e5ff14db21b04e2d6db7fd0eda37042440c%3A1745%0A%20%20%20%20at%20complete%20(http%3A%2F%2Flocalhost%3A15077%2Fbase%2Fnode_modules%2Fjasmine-core%2Flib%2Fjasmine-core%2Fjasmine.js%3F578a1e5ff14db21b04e2d6db7fd0eda37042440c%3A365)%0A%20%20%20%20at%20clearStack%20(http%3A%2F%2Flocalhost%3A15077%2Fbase%2Fnode_modules%2Fjasmine-core%2Flib%2Fjasmine-core%2Fjasmine.js%3F578a1e5ff14db21b04e2d6db7fd0eda37042440c%3A605)%0A%20%20%20%20at%20http%3A%2F%2Flocalhost%3A15077%2Fbase%2Fnode_modules%2Fjasmine-core%2Flib%2Fjasmine-core%2Fjasmine.js%3F578a1e5ff14db21b04e2d6db7fd0eda37042440c%3A1784%0A%20%20%20%20at%20http%3A%2F%2Flocalhost%3A15077%2Fbase%2Fnode_modules%2Fjasmine-core%2Flib%2Fjasmine-core%2Fjasmine.js%3F578a1e5ff14db21b04e2d6db7fd0eda37042440c%3A1762%0A%20%20%20%20at%20http%3A%2F%2Flocalhost%3A15077%2Fbase%2Fnode_modules%2Fjasmine-core%2Flib%2Fjasmine-core%2Fjasmine.js%3F578a1e5ff14db21b04e2d6db7fd0eda37042440c%3A627%0A%20%20%20%20at%20http%3A%2F%2Flocalhost%3A15077%2Fbase%2Fnode_modules%2Fjasmine-core%2Flib%2Fjasmine-core%2Fjasmine.js%3F578a1e5ff14db21b04e2d6db7fd0eda37042440c%3A357%0A%20%20%20%20at%20http%3A%2F%2Flocalhost%3A15077%2Fbase%2Fnode_modules%2Fjasmine-core%2Flib%2Fjasmine-core%2Fjasmine.js%3F578a1e5ff14db21b04e2d6db7fd0eda37042440c%3A2360%0A%20%20%20%20at%20attemptAsync%20(http%3A%2F%2Flocalhost%3A15077%2Fbase%2Fnode_modules%2Fjasmine-core%2Flib%2Fjasmine-core%2Fjasmine.js%3F578a1e5ff14db21b04e2d6db7fd0eda37042440c%3A1819)%0A%20%20%20%20at%20http%3A%2F%2Flocalhost%3A15077%2Fbase%2Fnode_modules%2Fjasmine-core%2Flib%2Fjasmine-core%2Fjasmine.js%3F578a1e5ff14db21b04e2d6db7fd0eda37042440c%3A1774%0A%20%20%20%20at%20http%3A%2F%2Flocalhost%3A15077%2Fbase%2Fnode_modules%2Fjasmine-core%2Flib%2Fjasmine-core%2Fjasmine.js%3F578a1e5ff14db21b04e2d6db7fd0eda37042440c%3A1762%0A%20%20%20%20at%20http%3A%2F%2Flocalhost%3A15077%2Fbase%2Fnode_modules%2Fjasmine-core%2Flib%2Fjasmine-core%2Fjasmine.js%3F578a1e5ff14db21b04e2d6db7fd0eda37042440c%3A627%0A%20%20%20%20at%20http%3A%2F%2Flocalhost%3A15077%2Fbase%2Fnode_modules%2Fjasmine-core%2Flib%2Fjasmine-core%2Fjasmine.js%3F578a1e5ff14db21b04e2d6db7fd0eda37042440c%3A2354%0A%20%20%20%20at%20attemptAsync%20(http%3A%2F%2Flocalhost%3A15077%2Fbase%2Fnode_modules%2Fjasmine-core%2Flib%2Fjasmine-core%2Fjasmine.js%3F578a1e5ff14db21b04e2d6db7fd0eda37042440c%3A1819)%0A%20%20%20%20at%20http%3A%2F%2Flocalhost%3A15077%2Fbase%2Fnode_modules%2Fjasmine-core%2Flib%2Fjasmine-core%2Fjasmine.js%3F578a1e5ff14db21b04e2d6db7fd0eda37042440c%3A1774%0A%20%20%20%20at%20http%3A%2F%2Flocalhost%3A15077%2Fbase%2Fnode_modules%2Fjasmine-core%2Flib%2Fjasmine-core%2Fjasmine.js%3F578a1e5ff14db21b04e2d6db7fd0eda37042440c%3A1762%0A%20%20%20%20at%20http%3A%2F%2Flocalhost%3A15077%2Fbase%2Fnode_modules%2Fjasmine-core%2Flib%2Fjasmine-core%2Fjasmine.js%3F578a1e5ff14db21b04e2d6db7fd0eda37042440c%3A627%0A%20%20%20%20at%20http%3A%2F%2Flocalhost%3A15077%2Fbase%2Fnode_modules%2Fjasmine-core%2Flib%2Fjasmine-core%2Fjasmine.js%3F578a1e5ff14db21b04e2d6db7fd0eda37042440c%3A2354%0A%20%20%20%20at%20attemptAsync%20(http%3A%2F%2Flocalhost%3A15077%2Fbase%2Fnode_modules%2Fjasmine-core%2Flib%2Fjasmine-core%2Fjasmine.js%3F578a1e5ff14db21b04e2d6db7fd0eda37042440c%3A1819)%0A%20%20%20%20at%20http%3A%2F%2Flocalhost%3A15077%2Fbase%2Fnode_modules%2Fjasmine-core%2Flib%2Fjasmine-core%2Fjasmine.js%3F578a1e5ff14db21b04e2d6db7fd0eda37042440c%3A1774%0A%20%20%20%20at%20http%3A%2F%2Flocalhost%3A15077%2Fbase%2Fnode_modules%2Fjasmine-core%2Flib%2Fjasmine-core%2Fjasmine.js%3F578a1e5ff14db21b04e2d6db7fd0eda37042440c%3A1801%0A%20%20%20%20at%20http%3A%2F%2Flocalhost%3A15077%2Fbase%2Fnode_modules%2Fjasmine-core%2Flib%2Fjasmine-core%2Fjasmine.js%3F578a1e5ff14db21b04e2d6db7fd0eda37042440c%3A1745%0A%20%20%20%20at%20http%3A%2F%2Flocalhost%3A15077%2Fbase%2Fnode_modules%2Fjasmine-core%2Flib%2Fjasmine-core%2Fjasmine.js%3F578a1e5ff14db21b04e2d6db7fd0eda37042440c%3A2348%0A%20%20%20%20at%20clearStack%20(http%3A%2F%2Flocalhost%3A15077%2Fbase%2Fnode_modules%2Fjasmine-core%2Flib%2Fjasmine-core%2Fjasmine.js%3F578a1e5ff14db21b04e2d6db7fd0eda37042440c%3A605)%0A%20%20%20%20at%20http%3A%2F%2Flocalhost%3A15077%2Fbase%2Fnode_modules%2Fjasmine-core%2Flib%2Fjasmine-core%2Fjasmine.js%3F578a1e5ff14db21b04e2d6db7fd0eda37042440c%3A1784%0A%20%20%20%20at%20http%3A%2F%2Flocalhost%3A15077%2Fbase%2Fnode_modules%2Fjasmine-core%2Flib%2Fjasmine-core%2Fjasmine.js%3F578a1e5ff14db21b04e2d6db7fd0eda37042440c%3A1801%0A%20%20%20%20at%20http%3A%2F%2Flocalhost%3A15077%2Fbase%2Fnode_modules%2Fjasmine-core%2Flib%2Fjasmine-core%2Fjasmine.js%3F578a1e5ff14db21b04e2d6db7fd0eda37042440c%3A1745%0A%20%20%20%20at%20http%3A%2F%2Flocalhost%3A15077%2Fbase%2Fnode_modules%2Fjasmine-core%2Flib%2Fjasmine-core%2Fjasmine.js%3F578a1e5ff14db21b04e2d6db7fd0eda37042440c%3A2348%0A%20%20%20%20at%20clearStack%20(http%3A%2F%2Flocalhost%3A15077%2Fbase%2Fnode_modules%2Fjasmine-core%2Flib%2Fjasmine-core%2Fjasmine.js%3F578a1e5ff14db21b04e2d6db7fd0eda37042440c%3A605)%0A%20%20%20%20at%20http%3A%2F%2Flocalhost%3A15077%2Fbase%2Fnode_modules%2Fjasmine-core%2Flib%2Fjasmine-core%2Fjasmine.js%3F578a1e5ff14db21b04e2d6db7fd0eda37042440c%3A1784%0A%20%20%20%20at%20http%3A%2F%2Flocalhost%3A15077%2Fbase%2Fnode_modules%2Fjasmine-core%2Flib%2Fjasmine-core%2Fjasmine.js%3F578a1e5ff14db21b04e2d6db7fd0eda37042440c%3A1801%0A%20%20%20%20at%20http%3A%2F%2Flocalhost%3A15077%2Fbase%2Fnode_modules%2Fjasmine-core%2Flib%2Fjasmine-core%2Fjasmine.js%3F578a1e5ff14db21b04e2d6db7fd0eda37042440c%3A1745%0A%20%20%20%20at%20complete%20(http%3A%2F%2Flocalhost%3A15077%2Fbase%2Fnode_modules%2Fjasmine-core%2Flib%2Fjasmine-core%2Fjasmine.js%3F578a1e5ff14db21b04e2d6db7fd0eda37042440c%3A365)%0A%20%20%20%20at%20clearStack%20(http%3A%2F%2Flocalhost%3A15077%2Fbase%2Fnode_modules%2Fjasmine-core%2Flib%2Fjasmine-core%2Fjasmine.js%3F578a1e5ff14db21b04e2d6db7fd0eda37042440c%3A605)%0A%20%20%20%20at%20http%3A%2F%2Flocalhost%3A15077%2Fbase%2Fnode_modules%2Fjasmine-core%2Flib%2Fjasmine-core%2Fjasmine.js%3F578a1e5ff14db21b04e2d6db7fd0eda37042440c%3A1784%0A%20%20%20%20at%20http%3A%2F%2Flocalhost%3A15077%2Fbase%2Fnode_modules%2Fjasmine-core%2Flib%2Fjasmine-core%2Fjasmine.js%3F578a1e5ff14db21b04e2d6db7fd0eda37042440c%3A1762%0A%20%20%20%20at%20http%3A%2F%2Flocalhost%3A15077%2Fbase%2Fnode_modules%2Fjasmine-core%2Flib%2Fjasmine-core%2Fjasmine.js%3F578a1e5ff14db21b04e2d6db7fd0eda37042440c%3A627%0A%20%20%20%20at%20http%3A%2F%2Flocalhost%3A15077%2Fbase%2Fnode_modules%2Fjasmine-core%2Flib%2Fjasmine-core%2Fjasmine.js%3F578a1e5ff14db21b04e2d6db7fd0eda37042440c%3A357%0A%20%20%20%20at%20http%3A%2F%2Flocalhost%3A15077%2Fbase%2Fnode_modules%2Fjasmine-core%2Flib%2Fjasmine-core%2Fjasmine.js%3F578a1e5ff14db21b04e2d6db7fd0eda37042440c%3A2360%0A%20%20%20%20at%20attemptAsync%20(http%3A%2F%2Flocalhost%3A15077%2Fbase%2Fnode_modules%2Fjasmine-core%2Flib%2Fjasmine-core%2Fjasmine.js%3F578a1e5ff14db21b04e2d6db7fd0eda37042440c%3A1819)%0A%20%20%20%20at%20http%3A%2F%2Flocalhost%3A15077%2Fbase%2Fnode_modules%2Fjasmine-core%2Flib%2Fjasmine-core%2Fjasmine.js%3F578a1e5ff14db21b04e2d6db7fd0eda37042440c%3A1774%0A%20%20%20%20at%20http%3A%2F%2Flocalhost%3A15077%2Fbase%2Fnode_modules%2Fjasmine-core%2Flib%2Fjasmine-core%2Fjasmine.js%3F578a1e5ff14db21b04e2d6db7fd0eda37042440c%3A1762%0A%20%20%20%20at%20http%3A%2F%2Flocalhost%3A15077%2Fbase%2Fnode_modules%2Fjasmine-core%2Flib%2Fjasmine-core%2Fjasmine.js%3F578a1e5ff14db21b04e2d6db7fd0eda37042440c%3A627%0A%20%20%20%20at%20http%3A%2F%2Flocalhost%3A15077%2Fbase%2Fnode_modules%2Fjasmine-core%2Flib%2Fjasmine-core%2Fjasmine.js%3F578a1e5ff14db21b04e2d6db7fd0eda37042440c%3A2354%0A%20%20%20%20at%20attemptAsync%20(http%3A%2F%2Flocalhost%3A15077%2Fbase%2Fnode_modules%2Fjasmine-core%2Flib%2Fjasmine-core%2Fjasmine.js%3F578a1e5ff14db21b04e2d6db7fd0eda37042440c%3A1819)%0A%20%20%20%20at%20http%3A%2F%2Flocalhost%3A15077%2Fbase%2Fnode_modules%2Fjasmine-core%2Flib%2Fjasmine-core%2Fjasmine.js%3F578a1e5ff14db21b04e2d6db7fd0eda37042440c%3A1774%0A%20%20%20%20at%20http%3A%2F%2Flocalhost%3A15077%2Fbase%2Fnode_modules%2Fjasmine-core%2Flib%2Fjasmine-core%2Fjasmine.js%3F578a1e5ff14db21b04e2d6db7fd0eda37042440c%3A1762%0A%20%20%20%20at%20http%3A%2F%2Flocalhost%3A15077%2Fbase%2Fnode_modules%2Fjasmine-core%2Flib%2Fjasmine-core%2Fjasmine.js%3F578a1e5ff14db21b04e2d6db7fd0eda37042440c%3A627%0A%20%20%20%20at%20http%3A%2F%2Flocalhost%3A15077%2Fbase%2Fnode_modules%2Fjasmine-core%2Flib%2Fjasmine-core%2Fjasmine.js%3F578a1e5ff14db21b04e2d6db7fd0eda37042440c%3A2354%0A%20%20%20%20at%20attemptAsync%20(http%3A%2F%2Flocalhost%3A15077%2Fbase%2Fnode_modules%2Fjasmine-core%2Flib%2Fjasmine-core%2Fjasmine.js%3F578a1e5ff14db21b04e2d6db7fd0eda37042440c%3A1819)%0A%20%20%20%20at%20http%3A%2F%2Flocalhost%3A15077%2Fbase%2Fnode_modules%2Fjasmine-core%2Flib%2Fjasmine-core%2Fjasmine.js%3F578a1e5ff14db21b04e2d6db7fd0eda37042440c%3A1774%0A%20%20%20%20at%20http%3A%2F%2Flocalhost%3A15077%2Fbase%2Fnode_modules%2Fjasmine-core%2Flib%2Fjasmine-core%2Fjasmine.js%3F578a1e5ff14db21b04e2d6db7fd0eda37042440c%3A1801%0A%20%20%20%20at%20http%3A%2F%2Flocalhost%3A15077%2Fbase%2Fnode_modules%2Fjasmine-core%2Flib%2Fjasmine-core%2Fjasmine.js%3F578a1e5ff14db21b04e2d6db7fd0eda37042440c%3A1745%0A%20%20%20%20at%20http%3A%2F%2Flocalhost%3A15077%2Fbase%2Fnode_modules%2Fjasmine-core%2Flib%2Fjasmine-core%2Fjasmine.js%3F578a1e5ff14db21b04e2d6db7fd0eda37042440c%3A2348%0A%20%20%20%20at%20clearStack%20(http%3A%2F%2Flocalhost%3A15077%2Fbase%2Fnode_modules%2Fjasmine-core%2Flib%2Fjasmine-core%2Fjasmine.js%3F578a1e5ff14db21b04e2d6db7fd0eda37042440c%3A605)%0A%20%20%20%20at%20http%3A%2F%2Flocalhost%3A15077%2Fbase%2Fnode_modules%2Fjasmine-core%2Flib%2Fjasmine-core%2Fjasmine.js%3F578a1e5ff14db21b04e2d6db7fd0eda37042440c%3A1784%0A%20%20%20%20at%20http%3A%2F%2Flocalhost%3A15077%2Fbase%2Fnode_modules%2Fjasmine-core%2Flib%2Fjasmine-core%2Fjasmine.js%3F578a1e5ff14db21b04e2d6db7fd0eda37042440c%3A1801%0A%20%20%20%20at%20http%3A%2F%2Flocalhost%3A15077%2Fbase%2Fnode_modules%2Fjasmine-core%2Flib%2Fjasmine-core%2Fjasmine.js%3F578a1e5ff14db21b04e2d6db7fd0eda37042440c%3A1745%0A%20%20%20%20at%20http%3A%2F%2Flocalhost%3A15077%2Fbase%2Fnode_modules%2Fjasmine-core%2Flib%2Fjasmine-core%2Fjasmine.js%3F578a1e5ff14db21b04e2d6db7fd0eda37042440c%3A2348%0A%20%20%20%20at%20clearStack%20(http%3A%2F%2Flocalhost%3A15077%2Fbase%2Fnode_modules%2Fjasmine-core%2Flib%2Fjasmine-core%2Fjasmine.js%3F578a1e5ff14db21b04e2d6db7fd0eda37042440c%3A605)%0A%20%20%20%20at%20http%3A%2F%2Flocalhost%3A15077%2Fbase%2Fnode_modules%2Fjasmine-core%2Flib%2Fjasmine-core%2Fjasmine.js%3F578a1e5ff14db21b04e2d6db7fd0eda37042440c%3A1784%0A%20%20%20%20at%20http%3A%2F%2Flocalhost%3A15077%2Fbase%2Fnode_modules%2Fjasmine-core%2Flib%2Fjasmine-core%2Fjasmine.js%3F578a1e5ff14db21b04e2d6db7fd0eda37042440c%3A1801%0A%20%20%20%20at%20http%3A%2F%2Flocalhost%3A15077%2Fbase%2Fnode_modules%2Fjasmine-core%2Flib%2Fjasmine-core%2Fjasmine.js%3F578a1e5ff14db21b04e2d6db7fd0eda37042440c%3A1745%0A%20%20%20%20at%20complete%20(http%3A%2F%2Flocalhost%3A15077%2Fbase%2Fnode_modules%2Fjasmine-core%2Flib%2Fjasmine-core%2Fjasmine.js%3F578a1e5ff14db21b04e2d6db7fd0eda37042440c%3A365)%0A%20%20%20%20at%20clearStack%20(http%3A%2F%2Flocalhost%3A15077%2Fbase%2Fnode_modules%2Fjasmine-core%2Flib%2Fjasmine-core%2Fjasmine.js%3F578a1e5ff14db21b04e2d6db7fd0eda37042440c%3A605)%0A%20%20%20%20at%20http%3A%2F%2Flocalhost%3A15077%2Fbase%2Fnode_modules%2Fjasmine-core%2Flib%2Fjasmine-core%2Fjasmine.js%3F578a1e5ff14db21b04e2d6db7fd0eda37042440c%3A1784%0A%20%20%20%20at%20http%3A%2F%2Flocalhost%3A15077%2Fbase%2Fnode_modules%2Fjasmine-core%2Flib%2Fjasmine-core%2Fjasmine.js%3F578a1e5ff14db21b04e2d6db7fd0eda37042440c%3A1762%0A%20%20%20%20at%20http%3A%2F%2Flocalhost%3A15077%2Fbase%2Fnode_modules%2Fjasmine-core%2Flib%2Fjasmine-core%2Fjasmine.js%3F578a1e5ff14db21b04e2d6db7fd0eda37042440c%3A627%0A%20%20%20%20at%20http%3A%2F%2Flocalhost%3A15077%2Fbase%2Fnode_modules%2Fjasmine-core%2Flib%2Fjasmine-core%2Fjasmine.js%3F578a1e5ff14db21b04e2d6db7fd0eda37042440c%3A357%0A%20%20%20%20at%20http%3A%2F%2Flocalhost%3A15077%2Fbase%2Fnode_modules%2Fjasmine-core%2Flib%2Fjasmine-core%2Fjasmine.js%3F578a1e5ff14db21b04e2d6db7fd0eda37042440c%3A2360%0A%20%20%20%20at%20attemptAsync%20(http%3A%2F%2Flocalhost%3A15077%2Fbase%2Fnode_modules%2Fjasmine-core%2Flib%2Fjasmine-core%2Fjasmine.js%3F578a1e5ff14db21b04e2d6db7fd0eda37042440c%3A1819)%0A%20%20%20%20at%20http%3A%2F%2Flocalhost%3A15077%2Fbase%2Fnode_modules%2Fjasmine-core%2Flib%2Fjasmine-core%2Fjasmine.js%3F578a1e5ff14db21b04e2d6db7fd0eda37042440c%3A1774%0A%20%20%20%20at%20http%3A%2F%2Flocalhost%3A15077%2Fbase%2Fnode_modules%2Fjasmine-core%2Flib%2Fjasmine-core%2Fjasmine.js%3F578a1e5ff14db21b04e2d6db7fd0eda37042440c%3A1762%0A%20%20%20%20at%20http%3A%2F%2Flocalhost%3A15077%2Fbase%2Fnode_modules%2Fjasmine-core%2Flib%2Fjasmine-core%2Fjasmine.js%3F578a1e5ff14db21b04e2d6db7fd0eda37042440c%3A627%0A%20%20%20%20at%20http%3A%2F%2Flocalhost%3A15077%2Fbase%2Fnode_modules%2Fjasmine-core%2Flib%2Fjasmine-core%2Fjasmine.js%3F578a1e5ff14db21b04e2d6db7fd0eda37042440c%3A2354%0A%20%20%20%20at%20attemptAsync%20(http%3A%2F%2Flocalhost%3A15077%2Fbase%2Fnode_modules%2Fjasmine-core%2Flib%2Fjasmine-core%2Fjasmine.js%3F578a1e5ff14db21b04e2d6db7fd0eda37042440c%3A1819)%0A%20%20%20%20at%20http%3A%2F%2Flocalhost%3A15077%2Fbase%2Fnode_modules%2Fjasmine-core%2Flib%2Fjasmine-core%2Fjasmine.js%3F578a1e5ff14db21b04e2d6db7fd0eda37042440c%3A1774%0A%20%20%20%20at%20http%3A%2F%2Flocalhost%3A15077%2Fbase%2Fnode_modules%2Fjasmine-core%2Flib%2Fjasmine-core%2Fjasmine.js%3F578a1e5ff14db21b04e2d6db7fd0eda37042440c%3A1801%0A%20%20%20%20at%20http%3A%2F%2Flocalhost%3A15077%2Fbase%2Fnode_modules%2Fjasmine-core%2Flib%2Fjasmine-core%2Fjasmine.js%3F578a1e5ff14db21b04e2d6db7fd0eda37042440c%3A1745%0A%20%20%20%20at%20http%3A%2F%2Flocalhost%3A15077%2Fbase%2Fnode_modules%2Fjasmine-core%2Flib%2Fjasmine-core%2Fjasmine.js%3F578a1e5ff14db21b04e2d6db7fd0eda37042440c%3A2348%0A%20%20%20%20at%20clearStack%20(http%3A%2F%2Flocalhost%3A15077%2Fbase%2Fnode_modules%2Fjasmine-core%2Flib%2Fjasmine-core%2Fjasmine.js%3F578a1e5ff14db21b04e2d6db7fd0eda37042440c%3A605)%0A%20%20%20%20at%20http%3A%2F%2Flocalhost%3A15077%2Fbase%2Fnode_modules%2Fjasmine-core%2Flib%2Fjasmine-core%2Fjasmine.js%3F578a1e5ff14db21b04e2d6db7fd0eda37042440c%3A1784%0A%20%20%20%20at%20http%3A%2F%2Flocalhost%3A15077%2Fbase%2Fnode_modules%2Fjasmine-core%2Flib%2Fjasmine-core%2Fjasmine.js%3F578a1e5ff14db21b04e2d6db7fd0eda37042440c%3A1801%0A%20%20%20%20at%20http%3A%2F%2Flocalhost%3A15077%2Fbase%2Fnode_modules%2Fjasmine-core%2Flib%2Fjasmine-core%2Fjasmine.js%3F578a1e5ff14db21b04e2d6db7fd0eda37042440c%3A1745%0A%20%20%20%20at%20complete%20(http%3A%2F%2Flocalhost%3A15077%2Fbase%2Fnode_modules%2Fjasmine-core%2Flib%2Fjasmine-core%2Fjasmine.js%3F578a1e5ff14db21b04e2d6db7fd0eda37042440c%3A365)%0A%20%20%20%20at%20clearStack%20(http%3A%2F%2Flocalhost%3A15077%2Fbase%2Fnode_modules%2Fjasmine-core%2Flib%2Fjasmine-core%2Fjasmine.js%3F578a1e5ff14db21b04e2d6db7fd0eda37042440c%3A605)%0A%20%20%20%20at%20http%3A%2F%2Flocalhost%3A15077%2Fbase%2Fnode_modules%2Fjasmine-core%2Flib%2Fjasmine-core%2Fjasmine.js%3F578a1e5ff14db21b04e2d6db7fd0eda37042440c%3A1784%0A%20%20%20%20at%20http%3A%2F%2Flocalhost%3A15077%2Fbase%2Fnode_modules%2Fjasmine-core%2Flib%2Fjasmine-core%2Fjasmine.js%3F578a1e5ff14db21b04e2d6db7fd0eda37042440c%3A1762%0A%20%20%20%20at%20http%3A%2F%2Flocalhost%3A15077%2Fbase%2Fnode_modules%2Fjasmine-core%2Flib%2Fjasmine-core%2Fjasmine.js%3F578a1e5ff14db21b04e2d6db7fd0eda37042440c%3A627%0A%20%20%20%20at%20http%3A%2F%2Flocalhost%3A15077%2Fbase%2Fnode_modules%2Fjasmine-core%2Flib%2Fjasmine-core%2Fjasmine.js%3F578a1e5ff14db21b04e2d6db7fd0eda37042440c%3A357%0A%20%20%20%20at%20http%3A%2F%2Flocalhost%3A15077%2Fbase%2Fnode_modules%2Fjasmine-core%2Flib%2Fjasmine-core%2Fjasmine.js%3F578a1e5ff14db21b04e2d6db7fd0eda37042440c%3A2360%0A%20%20%20%20at%20attemptAsync%20(http%3A%2F%2Flocalhost%3A15077%2Fbase%2Fnode_modules%2Fjasmine-core%2Flib%2Fjasmine-core%2Fjasmine.js%3F578a1e5ff14db21b04e2d6db7fd0eda37042440c%3A1819)%0A%20%20%20%20at%20http%3A%2F%2Flocalhost%3A15077%2Fbase%2Fnode_modules%2Fjasmine-core%2Flib%2Fjasmine-core%2Fjasmine.js%3F578a1e5ff14db21b04e2d6db7fd0eda37042440c%3A1774%0A%20%20%20%20at%20http%3A%2F%2Flocalhost%3A15077%2Fbase%2Fnode_modules%2Fjasmine-core%2Flib%2Fjasmine-core%2Fjasmine.js%3F578a1e5ff14db21b04e2d6db7fd0eda37042440c%3A1762%0A%20%20%20%20at%20http%3A%2F%2Flocalhost%3A15077%2Fbase%2Fnode_modules%2Fjasmine-core%2Flib%2Fjasmine-core%2Fjasmine.js%3F578a1e5ff14db21b04e2d6db7fd0eda37042440c%3A627%0A%20%20%20%20at%20http%3A%2F%2Flocalhost%3A15077%2Fbase%2Fnode_modules%2Fjasmine-core%2Flib%2Fjasmine-core%2Fjasmine.js%3F578a1e5ff14db21b04e2d6db7fd0eda37042440c%3A2354%0A%20%20%20%20at%20attemptAsync%20(http%3A%2F%2Flocalhost%3A15077%2Fbase%2Fnode_modules%2Fjasmine-core%2Flib%2Fjasmine-core%2Fjasmine.js%3F578a1e5ff14db21b04e2d6db7fd0eda37042440c%3A1819)%0A%20%20%20%20at%20http%3A%2F%2Flocalhost%3A15077%2Fbase%2Fnode_modules%2Fjasmine-core%2Flib%2Fjasmine-core%2Fjasmine.js%3F578a1e5ff14db21b04e2d6db7fd0eda37042440c%3A1774%0A%20%20%20%20at%20http%3A%2F%2Flocalhost%3A15077%2Fbase%2Fnode_modules%2Fjasmine-core%2Flib%2Fjasmine-core%2Fjasmine.js%3F578a1e5ff14db21b04e2d6db7fd0eda37042440c%3A1762%0A%20%20%20%20at%20http%3A%2F%2Flocalhost%3A15077%2Fbase%2Fnode_modules%2Fjasmine-core%2Flib%2Fjasmine-core%2Fjasmine.js%3F578a1e5ff14db21b04e2d6db7fd0eda37042440c%3A627%0A%20%20%20%20at%20http%3A%2F%2Flocalhost%3A15077%2Fbase%2Fnode_modules%2Fjasmine-core%2Flib%2Fjasmine-core%2Fjasmine.js%3F578a1e5ff14db21b04e2d6db7fd0eda37042440c%3A2354%0A%20%20%20%20at%20attemptAsync%20(http%3A%2F%2Flocalhost%3A15077%2Fbase%2Fnode_modules%2Fjasmine-core%2Flib%2Fjasmine-core%2Fjasmine.js%3F578a1e5ff14db21b04e2d6db7fd0eda37042440c%3A1819)%0A%20%20%20%20at%20http%3A%2F%2Flocalhost%3A15077%2Fbase%2Fnode_modules%2Fjasmine-core%2Flib%2Fjasmine-core%2Fjasmine.js%3F578a1e5ff14db21b04e2d6db7fd0eda37042440c%3A1774%0A%20%20%20%20at%20http%3A%2F%2Flocalhost%3A15077%2Fbase%2Fnode_modules%2Fjasmine-core%2Flib%2Fjasmine-core%2Fjasmine.js%3F578a1e5ff14db21b04e2d6db7fd0eda37042440c%3A1801%0A%20%20%20%20at%20http%3A%2F%2Flocalhost%3A15077%2Fbase%2Fnode_modules%2Fjasmine-core%2Flib%2Fjasmine-core%2Fjasmine.js%3F578a1e5ff14db21b04e2d6db7fd0eda37042440c%3A1745%0A%20%20%20%20at%20http%3A%2F%2Flocalhost%3A15077%2Fbase%2Fnode_modules%2Fjasmine-core%2Flib%2Fjasmine-core%2Fjasmine.js%3F578a1e5ff14db21b04e2d6db7fd0eda37042440c%3A2348%0A%20%20%20%20at%20clearStack%20(http%3A%2F%2Flocalhost%3A15077%2Fbase%2Fnode_modules%2Fjasmine-core%2Flib%2Fjasmine-core%2Fjasmine.js%3F578a1e5ff14db21b04e2d6db7fd0eda37042440c%3A605)%0A%20%20%20%20at%20http%3A%2F%2Flocalhost%3A15077%2Fbase%2Fnode_modules%2Fjasmine-core%2Flib%2Fjasmine-core%2Fjasmine.js%3F578a1e5ff14db21b04e2d6db7fd0eda37042440c%3A1784%0A%20%20%20%20at%20http%3A%2F%2Flocalhost%3A15077%2Fbase%2Fnode_modules%2Fjasmine-core%2Flib%2Fjasmine-core%2Fjasmine.js%3F578a1e5ff14db21b04e2d6db7fd0eda37042440c%3A1801%0A%20%20%20%20at%20http%3A%2F%2Flocalhost%3A15077%2Fbase%2Fnode_modules%2Fjasmine-core%2Flib%2Fjasmine-core%2Fjasmine.js%3F578a1e5ff14db21b04e2d6db7fd0eda37042440c%3A1745%0A%20%20%20%20at%20http%3A%2F%2Flocalhost%3A15077%2Fbase%2Fnode_modules%2Fjasmine-core%2Flib%2Fjasmine-core%2Fjasmine.js%3F578a1e5ff14db21b04e2d6db7fd0eda37042440c%3A2348
    at forEach (/home/travis/build/DeltaGraphs/norris-nrti/frontend/app/bower_components/angular/angular.js:336)
    at loadModules (/home/travis/build/DeltaGraphs/norris-nrti/frontend/app/bower_components/angular/angular.js:4364)
    at createInjector (/home/travis/build/DeltaGraphs/norris-nrti/frontend/app/bower_components/angular/angular.js:4248)
    at workFn (/home/travis/build/DeltaGraphs/norris-nrti/frontend/app/bower_components/angular-mocks/angular-mocks.js:2409)
    at /home/travis/build/DeltaGraphs/norris-nrti/frontend/app/bower_components/angular-mocks/angular-mocks.js:2392
    at /home/travis/build/DeltaGraphs/norris-nrti/frontend/test/unit/View/PageViewSpec.js:52
    at /home/travis/build/DeltaGraphs/norris-nrti/frontend/app/bower_components/angular/angular.js:4362
</failure>
      <failure type="">TypeError: &apos;undefined&apos; is not an object (evaluating &apos;element.find&apos;)
    at /home/travis/build/DeltaGraphs/norris-nrti/frontend/test/unit/View/PageViewSpec.js:58
</failure>
    </testcase>
    <testcase name="works fine" time="0.008" classname="PhantomJS 1.9.8 (Linux 0.0.0).PagesListView Constructor"/>
    <testcase name="works fine" time="0.012" classname="PhantomJS 1.9.8 (Linux 0.0.0).TableView Constructor"/>
    <system-out><![CDATA[
]]></system-out>
    <system-err/>
  </testsuite>
</testsuites>
