<?xml version="1.0"?>
<testsuites>
  <testsuite name="PhantomJS 1.9.8 (Linux 0.0.0)" package="" timestamp="2015-06-12T08:55:22" id="0" hostname="testing-worker-linux-docker-f625ff1f-3208-linux-5" tests="236" errors="0" failures="54" time="0.574">
    <properties>
      <property name="browser.fullName" value="Mozilla/5.0 (Unknown; Linux x86_64) AppleWebKit/534.34 (KHTML, like Gecko) PhantomJS/1.9.8 Safari/534.34"/>
    </properties>
    <testcase name="instance defined" time="0.011" classname="PhantomJS 1.9.8 (Linux 0.0.0).AxisFactory Default constructor"/>
    <testcase name="constructor create the page with the correct name" time="0.002" classname="PhantomJS 1.9.8 (Linux 0.0.0).AxisFactory Default constructor"/>
    <testcase name="constructor create the page with the correct color" time="0.001" classname="PhantomJS 1.9.8 (Linux 0.0.0).AxisFactory Default constructor"/>
    <testcase name="constructor create the page with the correct minValue" time="0.001" classname="PhantomJS 1.9.8 (Linux 0.0.0).AxisFactory Default constructor"/>
    <testcase name="constructor create the page with the correct maxValue" time="0.001" classname="PhantomJS 1.9.8 (Linux 0.0.0).AxisFactory Default constructor"/>
    <testcase name="constructor create the page with the correct ticks" time="0.001" classname="PhantomJS 1.9.8 (Linux 0.0.0).AxisFactory Default constructor"/>
    <testcase name="constructor create the page with the correct scale" time="0.001" classname="PhantomJS 1.9.8 (Linux 0.0.0).AxisFactory Default constructor"/>
    <testcase name="instance defined" time="0.001" classname="PhantomJS 1.9.8 (Linux 0.0.0).AxisFactory Constructor"/>
    <testcase name="constructor create the page with the correct name" time="0" classname="PhantomJS 1.9.8 (Linux 0.0.0).AxisFactory Constructor"/>
    <testcase name="constructor create the page with the correct color" time="0.001" classname="PhantomJS 1.9.8 (Linux 0.0.0).AxisFactory Constructor"/>
    <testcase name="constructor create the page with the correct minValue" time="0.001" classname="PhantomJS 1.9.8 (Linux 0.0.0).AxisFactory Constructor"/>
    <testcase name="constructor create the page with the correct maxValue" time="0.002" classname="PhantomJS 1.9.8 (Linux 0.0.0).AxisFactory Constructor"/>
    <testcase name="constructor create the page with the correct ticks" time="0.002" classname="PhantomJS 1.9.8 (Linux 0.0.0).AxisFactory Constructor"/>
    <testcase name="constructor create the page with the correct scale" time="0.001" classname="PhantomJS 1.9.8 (Linux 0.0.0).AxisFactory Constructor"/>
    <testcase name="Axis updated with the correct name" time="0.002" classname="PhantomJS 1.9.8 (Linux 0.0.0).AxisFactory updateParameters"/>
    <testcase name="Axis updated with the correct color" time="0.006" classname="PhantomJS 1.9.8 (Linux 0.0.0).AxisFactory updateParameters"/>
    <testcase name="Axis updated with the correct minValue" time="0.002" classname="PhantomJS 1.9.8 (Linux 0.0.0).AxisFactory updateParameters"/>
    <testcase name="Axis updated with the correct maxValue" time="0.004" classname="PhantomJS 1.9.8 (Linux 0.0.0).AxisFactory updateParameters"/>
    <testcase name="Axis updated with the correct getTicks" time="0.001" classname="PhantomJS 1.9.8 (Linux 0.0.0).AxisFactory updateParameters"/>
    <testcase name="Axis updated with the correct scale" time="0.002" classname="PhantomJS 1.9.8 (Linux 0.0.0).AxisFactory updateParameters"/>
    <testcase name="instance defined" time="0.003" classname="PhantomJS 1.9.8 (Linux 0.0.0).BarChartFlowFactory Default constructor"/>
    <testcase name="constructor create the flow with the correct flowColor" time="0.002" classname="PhantomJS 1.9.8 (Linux 0.0.0).BarChartFlowFactory Default constructor"/>
    <testcase name="instance defined" time="0.002" classname="PhantomJS 1.9.8 (Linux 0.0.0).BarChartFlowFactory Constructor"/>
    <testcase name="constructor create the flow with the correct flowColor" time="0.001" classname="PhantomJS 1.9.8 (Linux 0.0.0).BarChartFlowFactory Constructor"/>
    <testcase name="cflow updated with the correct flowColor" time="0.002" classname="PhantomJS 1.9.8 (Linux 0.0.0).BarChartFlowFactory updateParameters"/>
    <testcase name="data inizialized in the correct way" time="0.001" classname="PhantomJS 1.9.8 (Linux 0.0.0).BarChartFlowFactory inizializeData"/>
    <testcase name="data empty in the correct way" time="0.001" classname="PhantomJS 1.9.8 (Linux 0.0.0).BarChartFlowFactory emptyData"/>
    <testcase name="data updated in the correct way" time="0.001" classname="PhantomJS 1.9.8 (Linux 0.0.0).BarChartFlowFactory inPlaceUpdate"/>
    <testcase name="BarChart created" time="0.004" classname="PhantomJS 1.9.8 (Linux 0.0.0).BarChartFactory Constructor"/>
    <testcase name="graph Constructor called" time="0.001" classname="PhantomJS 1.9.8 (Linux 0.0.0).BarChartFactory Constructor"/>
    <testcase name="graph Constructor called" time="0.002" classname="PhantomJS 1.9.8 (Linux 0.0.0).BarChartFactory Constructor"/>
    <testcase name="graph created with the correct axisX" time="0.002" classname="PhantomJS 1.9.8 (Linux 0.0.0).BarChartFactory Constructor"/>
    <testcase name="graph created with the correct axisY" time="0.002" classname="PhantomJS 1.9.8 (Linux 0.0.0).BarChartFactory Constructor"/>
    <testcase name="graph created with the correct barOrientation" time="0.006" classname="PhantomJS 1.9.8 (Linux 0.0.0).BarChartFactory Constructor"/>
    <testcase name="graph created with the correct headers" time="0.002" classname="PhantomJS 1.9.8 (Linux 0.0.0).BarChartFactory Constructor"/>
    <testcase name="graph created with the correct background" time="0.002" classname="PhantomJS 1.9.8 (Linux 0.0.0).BarChartFactory Constructor"/>
    <testcase name="graph created with the correct sortable" time="0.001" classname="PhantomJS 1.9.8 (Linux 0.0.0).BarChartFactory Constructor"/>
    <testcase name="graph created with the correct grouping control" time="0.001" classname="PhantomJS 1.9.8 (Linux 0.0.0).BarChartFactory Constructor"/>
    <testcase name="graph created with the correct legendOnPoint" time="0.001" classname="PhantomJS 1.9.8 (Linux 0.0.0).BarChartFactory Constructor"/>
    <testcase name="graph created with the correct flow" time="0.002" classname="PhantomJS 1.9.8 (Linux 0.0.0).BarChartFactory Constructor"/>
    <testcase name="graph created with the correct horizontalGrid" time="0.001" classname="PhantomJS 1.9.8 (Linux 0.0.0).BarChartFactory Constructor">
      <failure type="">TypeError: &apos;false&apos; is not a function (evaluating &apos;this._horizontalGrid()&apos;)
    at /home/travis/build/DeltaGraphs/norris-nrti/frontend/app/Model/GraphsModel/BarChart.js:9
    at /home/travis/build/DeltaGraphs/norris-nrti/frontend/test/unit/Model/BarChartSpec.js:92
</failure>
    </testcase>
    <testcase name="BarChart created" time="0.002" classname="PhantomJS 1.9.8 (Linux 0.0.0).BarChartFactory updateParameters"/>
    <testcase name="graph updated with the correct axisX" time="0.002" classname="PhantomJS 1.9.8 (Linux 0.0.0).BarChartFactory updateParameters"/>
    <testcase name="graph updated with the correct axisY" time="0.002" classname="PhantomJS 1.9.8 (Linux 0.0.0).BarChartFactory updateParameters"/>
    <testcase name="graph updated with the correct barOrientation" time="0.002" classname="PhantomJS 1.9.8 (Linux 0.0.0).BarChartFactory updateParameters"/>
    <testcase name="graph updated with the correct headers" time="0.001" classname="PhantomJS 1.9.8 (Linux 0.0.0).BarChartFactory updateParameters"/>
    <testcase name="graph updated with the correct background" time="0.002" classname="PhantomJS 1.9.8 (Linux 0.0.0).BarChartFactory updateParameters"/>
    <testcase name="graph updated with the correct sortable" time="0.003" classname="PhantomJS 1.9.8 (Linux 0.0.0).BarChartFactory updateParameters"/>
    <testcase name="graph updated with the correct grouping control" time="0.002" classname="PhantomJS 1.9.8 (Linux 0.0.0).BarChartFactory updateParameters"/>
    <testcase name="graph updated with the correct legendOnPoint" time="0.002" classname="PhantomJS 1.9.8 (Linux 0.0.0).BarChartFactory updateParameters"/>
    <testcase name="graph updated with the correct flow" time="0.002" classname="PhantomJS 1.9.8 (Linux 0.0.0).BarChartFactory updateParameters"/>
    <testcase name="graph created with the correct horizontalGrid" time="0.002" classname="PhantomJS 1.9.8 (Linux 0.0.0).BarChartFactory updateParameters">
      <failure type="">TypeError: &apos;false&apos; is not a function (evaluating &apos;this._horizontalGrid()&apos;)
    at /home/travis/build/DeltaGraphs/norris-nrti/frontend/app/Model/GraphsModel/BarChart.js:9
    at /home/travis/build/DeltaGraphs/norris-nrti/frontend/test/unit/Model/BarChartSpec.js:205
</failure>
    </testcase>
    <testcase name="graph addFlow called with the correct parameters" time="0.002" classname="PhantomJS 1.9.8 (Linux 0.0.0).BarChartFactory addFlow"/>
    <testcase name="delete flow from graph" time="0.007" classname="PhantomJS 1.9.8 (Linux 0.0.0).BarChartFactory deleteFlow"/>
    <testcase name="BarChartFlow inizializeData called in the right way" time="0.002" classname="PhantomJS 1.9.8 (Linux 0.0.0).BarChartFactory inizializeData"/>
    <testcase name="BarChartFlow inPlaceUpdate called in the right way" time="0.002" classname="PhantomJS 1.9.8 (Linux 0.0.0).BarChartFactory inPlaceUpdate"/>
    <testcase name="deleteData in the correct way" time="0.002" classname="PhantomJS 1.9.8 (Linux 0.0.0).BarChartFactory deleteData"/>
    <testcase name="instance defined" time="0.002" classname="PhantomJS 1.9.8 (Linux 0.0.0).FlowFactory Constructor"/>
    <testcase name="constructor create the flow with the correct name" time="0.002" classname="PhantomJS 1.9.8 (Linux 0.0.0).FlowFactory Constructor"/>
    <testcase name="instance defined" time="0.002" classname="PhantomJS 1.9.8 (Linux 0.0.0).FlowFactory Constructor"/>
    <testcase name="constructor create the flow with the correct name" time="0.002" classname="PhantomJS 1.9.8 (Linux 0.0.0).FlowFactory Constructor"/>
    <testcase name="flow updated with the correct name" time="0.002" classname="PhantomJS 1.9.8 (Linux 0.0.0).FlowFactory updateParameters"/>
    <testcase name="instance defined" time="0.002" classname="PhantomJS 1.9.8 (Linux 0.0.0).GraphFactory Default constructor"/>
    <testcase name="constructor create the graph with the correct title" time="0.002" classname="PhantomJS 1.9.8 (Linux 0.0.0).GraphFactory Default constructor"/>
    <testcase name="constructor create the graph with the correct height" time="0.002" classname="PhantomJS 1.9.8 (Linux 0.0.0).GraphFactory Default constructor"/>
    <testcase name="constructor create the graph with the correct width" time="0.002" classname="PhantomJS 1.9.8 (Linux 0.0.0).GraphFactory Default constructor"/>
    <testcase name="constructor create the graph with the correct legend" time="0.002" classname="PhantomJS 1.9.8 (Linux 0.0.0).GraphFactory Default constructor"/>
    <testcase name="constructor create the graph with the correct url" time="0.002" classname="PhantomJS 1.9.8 (Linux 0.0.0).GraphFactory Default constructor"/>
    <testcase name="instance defined" time="0.002" classname="PhantomJS 1.9.8 (Linux 0.0.0).GraphFactory Constructor"/>
    <testcase name="constructor create the graph with the correct title" time="0.002" classname="PhantomJS 1.9.8 (Linux 0.0.0).GraphFactory Constructor"/>
    <testcase name="constructor create the graph with the correct height" time="0.001" classname="PhantomJS 1.9.8 (Linux 0.0.0).GraphFactory Constructor"/>
    <testcase name="constructor create the graph with the correct width" time="0.002" classname="PhantomJS 1.9.8 (Linux 0.0.0).GraphFactory Constructor"/>
    <testcase name="constructor create the graph with the correct legend" time="0.002" classname="PhantomJS 1.9.8 (Linux 0.0.0).GraphFactory Constructor"/>
    <testcase name="constructor create the graph with the correct url" time="0.007" classname="PhantomJS 1.9.8 (Linux 0.0.0).GraphFactory Constructor"/>
    <testcase name="graph updated with the correct title" time="0.012" classname="PhantomJS 1.9.8 (Linux 0.0.0).GraphFactory updateParameters"/>
    <testcase name="graph updated with the correct height" time="0.001" classname="PhantomJS 1.9.8 (Linux 0.0.0).GraphFactory updateParameters"/>
    <testcase name="graph updated with the correct width" time="0.001" classname="PhantomJS 1.9.8 (Linux 0.0.0).GraphFactory updateParameters"/>
    <testcase name="graph updated with the correct legend" time="0.001" classname="PhantomJS 1.9.8 (Linux 0.0.0).GraphFactory updateParameters"/>
    <testcase name="constructor create the graph with the correct url" time="0.001" classname="PhantomJS 1.9.8 (Linux 0.0.0).GraphFactory updateParameters"/>
    <testcase name="add flow into graph" time="0.001" classname="PhantomJS 1.9.8 (Linux 0.0.0).GraphFactory addFlow"/>
    <testcase name="delete flow from graph" time="0.001" classname="PhantomJS 1.9.8 (Linux 0.0.0).GraphFactory deleteFlow"/>
    <testcase name="delete flow from graph" time="0.002" classname="PhantomJS 1.9.8 (Linux 0.0.0).GraphFactory replaceData"/>
    <testcase name="instance defined" time="0.002" classname="PhantomJS 1.9.8 (Linux 0.0.0).LegendFactory Default constructor"/>
    <testcase name="constructor create the page with the correct position" time="0.002" classname="PhantomJS 1.9.8 (Linux 0.0.0).LegendFactory Default constructor"/>
    <testcase name="constructor create the page with the correct font color" time="0.001" classname="PhantomJS 1.9.8 (Linux 0.0.0).LegendFactory Default constructor"/>
    <testcase name="constructor create the page with the correct background" time="0.001" classname="PhantomJS 1.9.8 (Linux 0.0.0).LegendFactory Default constructor"/>
    <testcase name="instance defined" time="0.002" classname="PhantomJS 1.9.8 (Linux 0.0.0).LegendFactory Constructor"/>
    <testcase name="constructor create the page with the correct position" time="0.002" classname="PhantomJS 1.9.8 (Linux 0.0.0).LegendFactory Constructor"/>
    <testcase name="constructor create the page with the correct font color" time="0.011" classname="PhantomJS 1.9.8 (Linux 0.0.0).LegendFactory Constructor"/>
    <testcase name="constructor create the page with the correct background" time="0.001" classname="PhantomJS 1.9.8 (Linux 0.0.0).LegendFactory Constructor"/>
    <testcase name="constructor create the page with the correct position" time="0.001" classname="PhantomJS 1.9.8 (Linux 0.0.0).LegendFactory updateParameters"/>
    <testcase name="constructor create the page with the correct font color" time="0.001" classname="PhantomJS 1.9.8 (Linux 0.0.0).LegendFactory updateParameters"/>
    <testcase name="constructor create the page with the correct background" time="0.002" classname="PhantomJS 1.9.8 (Linux 0.0.0).LegendFactory updateParameters"/>
    <testcase name="instance defined" time="0.002" classname="PhantomJS 1.9.8 (Linux 0.0.0).LineChartFlowFactory Default constructor"/>
    <testcase name="constructor create the flow with the correct flowColor" time="0.002" classname="PhantomJS 1.9.8 (Linux 0.0.0).LineChartFlowFactory Default constructor"/>
    <testcase name="constructor create the flow with the correct marker" time="0.001" classname="PhantomJS 1.9.8 (Linux 0.0.0).LineChartFlowFactory Default constructor"/>
    <testcase name="constructor create the flow with the correct interpolation" time="0.008" classname="PhantomJS 1.9.8 (Linux 0.0.0).LineChartFlowFactory Default constructor">
      <failure type="">Expected undefined to equal &apos;linear&apos;.
    at /home/travis/build/DeltaGraphs/norris-nrti/frontend/test/unit/Model/LineChartFlowSpec.js:56
</failure>
    </testcase>
    <testcase name="constructor create the flow with the correct area color" time="0.001" classname="PhantomJS 1.9.8 (Linux 0.0.0).LineChartFlowFactory Default constructor">
      <failure type="">TypeError: &apos;undefined&apos; is not a function (evaluating &apos;LineChartFlow.getAreaColor()&apos;)
    at /home/travis/build/DeltaGraphs/norris-nrti/frontend/test/unit/Model/LineChartFlowSpec.js:59
</failure>
    </testcase>
    <testcase name="constructor create the flow with the correct max item displayed" time="0.001" classname="PhantomJS 1.9.8 (Linux 0.0.0).LineChartFlowFactory Default constructor"/>
    <testcase name="instance defined" time="0.001" classname="PhantomJS 1.9.8 (Linux 0.0.0).LineChartFlowFactory Constructor"/>
    <testcase name="constructor create the flow with the correct flowColor" time="0.002" classname="PhantomJS 1.9.8 (Linux 0.0.0).LineChartFlowFactory Constructor"/>
    <testcase name="constructor create the flow with the correct marker" time="0.002" classname="PhantomJS 1.9.8 (Linux 0.0.0).LineChartFlowFactory Constructor"/>
    <testcase name="constructor create the flow with the correct interpolation" time="0.002" classname="PhantomJS 1.9.8 (Linux 0.0.0).LineChartFlowFactory Constructor"/>
    <testcase name="constructor create the flow with the correct area color" time="0.002" classname="PhantomJS 1.9.8 (Linux 0.0.0).LineChartFlowFactory Constructor">
      <failure type="">TypeError: &apos;undefined&apos; is not a function (evaluating &apos;LineChartFlow.getAreaColor()&apos;)
    at /home/travis/build/DeltaGraphs/norris-nrti/frontend/test/unit/Model/LineChartFlowSpec.js:102
</failure>
    </testcase>
    <testcase name="constructor create the flow with the correct max item displayed" time="0.012" classname="PhantomJS 1.9.8 (Linux 0.0.0).LineChartFlowFactory Constructor"/>
    <testcase name="flow updated with the correct flowColor" time="0.002" classname="PhantomJS 1.9.8 (Linux 0.0.0).LineChartFlowFactory updateParameters"/>
    <testcase name="flow updated with the correct marker" time="0.001" classname="PhantomJS 1.9.8 (Linux 0.0.0).LineChartFlowFactory updateParameters"/>
    <testcase name="flow updated with the correct interpolation" time="0.002" classname="PhantomJS 1.9.8 (Linux 0.0.0).LineChartFlowFactory updateParameters"/>
    <testcase name="flow updated with the correct area color" time="0.002" classname="PhantomJS 1.9.8 (Linux 0.0.0).LineChartFlowFactory updateParameters">
      <failure type="">TypeError: &apos;undefined&apos; is not a function (evaluating &apos;LineChartFlow.getAreaColor()&apos;)
    at /home/travis/build/DeltaGraphs/norris-nrti/frontend/test/unit/Model/LineChartFlowSpec.js:179
</failure>
    </testcase>
    <testcase name="flow updated with the correct max item displayed" time="0.002" classname="PhantomJS 1.9.8 (Linux 0.0.0).LineChartFlowFactory updateParameters"/>
    <testcase name="data initialized in the correct way" time="0.002" classname="PhantomJS 1.9.8 (Linux 0.0.0).LineChartFlowFactory initializeData"/>
    <testcase name="data empty in the correct way" time="0.002" classname="PhantomJS 1.9.8 (Linux 0.0.0).LineChartFlowFactory emptyData"/>
    <testcase name="data updated in the correct way" time="0.002" classname="PhantomJS 1.9.8 (Linux 0.0.0).LineChartFlowFactory inPlaceUpdate"/>
    <testcase name="streamUpdate call initializedData in the correct way" time="0.002" classname="PhantomJS 1.9.8 (Linux 0.0.0).LineChartFlowFactory streamUpdate"/>
    <testcase name="LineChart created" time="0.002" classname="PhantomJS 1.9.8 (Linux 0.0.0).LineChartFactory Constructor"/>
    <testcase name="graph Constructor called" time="0.002" classname="PhantomJS 1.9.8 (Linux 0.0.0).LineChartFactory Constructor"/>
    <testcase name="graph Constructor called" time="0.002" classname="PhantomJS 1.9.8 (Linux 0.0.0).LineChartFactory Constructor"/>
    <testcase name="graph created with the correct legendOnPoint" time="0.018" classname="PhantomJS 1.9.8 (Linux 0.0.0).LineChartFactory Constructor"/>
    <testcase name="graph created with the correct axisX" time="0.002" classname="PhantomJS 1.9.8 (Linux 0.0.0).LineChartFactory Constructor"/>
    <testcase name="graph created with the correct axisY" time="0.002" classname="PhantomJS 1.9.8 (Linux 0.0.0).LineChartFactory Constructor"/>
    <testcase name="graph created with the correct viewFinder" time="0.002" classname="PhantomJS 1.9.8 (Linux 0.0.0).LineChartFactory Constructor"/>
    <testcase name="graph created with the correct background" time="0.002" classname="PhantomJS 1.9.8 (Linux 0.0.0).LineChartFactory Constructor"/>
    <testcase name="graph created with the correct interpolation" time="0.002" classname="PhantomJS 1.9.8 (Linux 0.0.0).LineChartFactory Constructor"/>
    <testcase name="graph created with the correct horizontalGrid" time="0.002" classname="PhantomJS 1.9.8 (Linux 0.0.0).LineChartFactory Constructor"/>
    <testcase name="graph created with the correct verticalGrid" time="0.002" classname="PhantomJS 1.9.8 (Linux 0.0.0).LineChartFactory Constructor"/>
    <testcase name="graph updated with the correct legendOnPoint" time="0.003" classname="PhantomJS 1.9.8 (Linux 0.0.0).LineChartFactory updateParameters"/>
    <testcase name="graph updated with the correct axisX" time="0.003" classname="PhantomJS 1.9.8 (Linux 0.0.0).LineChartFactory updateParameters">
      <failure type="">Expected Axis({ _name: null, _color: &apos;#FFF&apos;, _minValue: null, _maxValue: null, _ticks: 10, _scale: &apos;linear&apos; }) to equal Object({ _name: null, _color: &apos;#FFF&apos;, _minValue: null, _maxValue: null, _ticks: 10, _scale: &apos;linear&apos; }).
    at /home/travis/build/DeltaGraphs/norris-nrti/frontend/test/unit/Model/LineChartSpec.js:172
</failure>
    </testcase>
    <testcase name="graph updated with the correct axisY" time="0.003" classname="PhantomJS 1.9.8 (Linux 0.0.0).LineChartFactory updateParameters">
      <failure type="">Expected Axis({ _name: null, _color: &apos;#FFF&apos;, _minValue: null, _maxValue: null, _ticks: 10, _scale: &apos;linear&apos; }) to equal Object({ _name: null, _color: &apos;#FFF&apos;, _minValue: null, _maxValue: null, _ticks: 10, _scale: &apos;linear&apos; }).
    at /home/travis/build/DeltaGraphs/norris-nrti/frontend/test/unit/Model/LineChartSpec.js:175
</failure>
    </testcase>
    <testcase name="graph updated with the correct viewFinder" time="0.002" classname="PhantomJS 1.9.8 (Linux 0.0.0).LineChartFactory updateParameters"/>
    <testcase name="graph updated with the correct background" time="0.002" classname="PhantomJS 1.9.8 (Linux 0.0.0).LineChartFactory updateParameters"/>
    <testcase name="graph updated with the correct flow" time="0.002" classname="PhantomJS 1.9.8 (Linux 0.0.0).LineChartFactory updateParameters"/>
    <testcase name="graph created with the correct interpolation" time="0.002" classname="PhantomJS 1.9.8 (Linux 0.0.0).LineChartFactory updateParameters"/>
    <testcase name="graph created with the correct horizontalGrid" time="0.002" classname="PhantomJS 1.9.8 (Linux 0.0.0).LineChartFactory updateParameters"/>
    <testcase name="graph created with the correct verticalGrid" time="0.002" classname="PhantomJS 1.9.8 (Linux 0.0.0).LineChartFactory updateParameters"/>
    <testcase name="graph addFlow called with the correct parameters" time="0.002" classname="PhantomJS 1.9.8 (Linux 0.0.0).LineChartFactory addFlow"/>
    <testcase name="delete flow from graph" time="0.003" classname="PhantomJS 1.9.8 (Linux 0.0.0).LineChartFactory deleteFlow"/>
    <testcase name="LineChartFlow inizializeData called in the right way" time="0.008" classname="PhantomJS 1.9.8 (Linux 0.0.0).LineChartFactory inizializeData"/>
    <testcase name="LineChartFlow inPlaceUpdate called in the right way" time="0.002" classname="PhantomJS 1.9.8 (Linux 0.0.0).LineChartFactory inPlaceUpdate"/>
    <testcase name="LineChartFlow streamUpdate called in the right way" time="0.002" classname="PhantomJS 1.9.8 (Linux 0.0.0).LineChartFactory streamUpdate"/>
    <testcase name="deleteData in the correct way" time="0.002" classname="PhantomJS 1.9.8 (Linux 0.0.0).LineChartFactory deleteData"/>
    <testcase name="instance defined" time="0.003" classname="PhantomJS 1.9.8 (Linux 0.0.0).MapChartFlowFactory Default constructor"/>
    <testcase name="constructor create the flow with the correct marker" time="0.002" classname="PhantomJS 1.9.8 (Linux 0.0.0).MapChartFlowFactory Default constructor"/>
    <testcase name="constructor create the flow with the correct max item displayed" time="0.001" classname="PhantomJS 1.9.8 (Linux 0.0.0).MapChartFlowFactory Default constructor"/>
    <testcase name="constructor create the flow with the correct trace" time="0.002" classname="PhantomJS 1.9.8 (Linux 0.0.0).MapChartFlowFactory Default constructor"/>
    <testcase name="instance defined" time="0.002" classname="PhantomJS 1.9.8 (Linux 0.0.0).MapChartFlowFactory Constructor"/>
    <testcase name="constructor create the flow with the correct marker" time="0.002" classname="PhantomJS 1.9.8 (Linux 0.0.0).MapChartFlowFactory Constructor"/>
    <testcase name="constructor create the flow with the correct max item displayed" time="0.002" classname="PhantomJS 1.9.8 (Linux 0.0.0).MapChartFlowFactory Constructor">
      <failure type="">Expected 100 to equal &apos;20&apos;.
    at /home/travis/build/DeltaGraphs/norris-nrti/frontend/test/unit/Model/MapChartFlowSpec.js:87
</failure>
    </testcase>
    <testcase name="constructor create the flow with the correct trace" time="0.012" classname="PhantomJS 1.9.8 (Linux 0.0.0).MapChartFlowFactory Constructor"/>
    <testcase name="flow updated with the correct marker" time="0.002" classname="PhantomJS 1.9.8 (Linux 0.0.0).MapChartFlowFactory updateParameters"/>
    <testcase name="flow updated with the correct max item displayed" time="0.002" classname="PhantomJS 1.9.8 (Linux 0.0.0).MapChartFlowFactory updateParameters">
      <failure type="">Expected 100 to equal &apos;45&apos;.
    at /home/travis/build/DeltaGraphs/norris-nrti/frontend/test/unit/Model/MapChartFlowSpec.js:154
</failure>
    </testcase>
    <testcase name="flow updated with the correct trace" time="0.002" classname="PhantomJS 1.9.8 (Linux 0.0.0).MapChartFlowFactory updateParameters"/>
    <testcase name="data initialize in the correct way" time="0.002" classname="PhantomJS 1.9.8 (Linux 0.0.0).MapChartFlowFactory initializeData"/>
    <testcase name="data empty in the correct way" time="0.002" classname="PhantomJS 1.9.8 (Linux 0.0.0).MapChartFlowFactory emptyData"/>
    <testcase name="data updated in the correct way" time="0.002" classname="PhantomJS 1.9.8 (Linux 0.0.0).MapChartFlowFactory inPlaceUpdate"/>
    <testcase name="streamUpdate call initializedData in the correct way" time="0.002" classname="PhantomJS 1.9.8 (Linux 0.0.0).MapChartFlowFactory streamUpdate"/>
    <testcase name="data removed in the correct way" time="0.002" classname="PhantomJS 1.9.8 (Linux 0.0.0).MapChartFlowFactory deleteData"/>
    <testcase name="MapChart created" time="0.009" classname="PhantomJS 1.9.8 (Linux 0.0.0).MapChartFactory Constructor"/>
    <testcase name="graph Constructor called" time="0.002" classname="PhantomJS 1.9.8 (Linux 0.0.0).MapChartFactory Constructor"/>
    <testcase name="graph Constructor called" time="0.002" classname="PhantomJS 1.9.8 (Linux 0.0.0).MapChartFactory Constructor"/>
    <testcase name="graph created with the correct legendOnPoint" time="0.012" classname="PhantomJS 1.9.8 (Linux 0.0.0).MapChartFactory Constructor"/>
    <testcase name="graph created with the correct latitude" time="0.002" classname="PhantomJS 1.9.8 (Linux 0.0.0).MapChartFactory Constructor"/>
    <testcase name="graph created with the correct longitude" time="0.002" classname="PhantomJS 1.9.8 (Linux 0.0.0).MapChartFactory Constructor"/>
    <testcase name="graph created with the correct mapType" time="0.002" classname="PhantomJS 1.9.8 (Linux 0.0.0).MapChartFactory Constructor"/>
    <testcase name="graph created with the correct zoom" time="0.001" classname="PhantomJS 1.9.8 (Linux 0.0.0).MapChartFactory Constructor"/>
    <testcase name="graph created with the correct drag" time="0.001" classname="PhantomJS 1.9.8 (Linux 0.0.0).MapChartFactory Constructor"/>
    <testcase name="graph created with the correct mapWidth" time="0.002" classname="PhantomJS 1.9.8 (Linux 0.0.0).MapChartFactory Constructor"/>
    <testcase name="graph created with the correct mapHeight" time="0.001" classname="PhantomJS 1.9.8 (Linux 0.0.0).MapChartFactory Constructor"/>
    <testcase name="MapChart created" time="0.002" classname="PhantomJS 1.9.8 (Linux 0.0.0).MapChartFactory updateParameters"/>
    <testcase name="graph updated with the correct legendOnPoint" time="0.001" classname="PhantomJS 1.9.8 (Linux 0.0.0).MapChartFactory updateParameters"/>
    <testcase name="graph updated with the correct latitude" time="0.001" classname="PhantomJS 1.9.8 (Linux 0.0.0).MapChartFactory updateParameters"/>
    <testcase name="graph updated with the correct longitude" time="0.002" classname="PhantomJS 1.9.8 (Linux 0.0.0).MapChartFactory updateParameters"/>
    <testcase name="graph updated with the correct mapType" time="0.001" classname="PhantomJS 1.9.8 (Linux 0.0.0).MapChartFactory updateParameters"/>
    <testcase name="graph updated with the correct zoom" time="0.001" classname="PhantomJS 1.9.8 (Linux 0.0.0).MapChartFactory updateParameters">
      <failure type="">TypeError: &apos;undefined&apos; is not a function (evaluating &apos;MapChart.getZoom()&apos;)
    at /home/travis/build/DeltaGraphs/norris-nrti/frontend/test/unit/Model/MapChartSpec.js:179
</failure>
    </testcase>
    <testcase name="graph updated with the correct flows" time="0.002" classname="PhantomJS 1.9.8 (Linux 0.0.0).MapChartFactory updateParameters"/>
    <testcase name="graph updated with the correct mapWidth" time="0.001" classname="PhantomJS 1.9.8 (Linux 0.0.0).MapChartFactory updateParameters"/>
    <testcase name="graph updated with the correct mapHeight" time="0.001" classname="PhantomJS 1.9.8 (Linux 0.0.0).MapChartFactory updateParameters"/>
    <testcase name="add flow into mapchart" time="0.001" classname="PhantomJS 1.9.8 (Linux 0.0.0).MapChartFactory addFlow"/>
    <testcase name="delete flow from graph" time="0.002" classname="PhantomJS 1.9.8 (Linux 0.0.0).MapChartFactory deleteFlow"/>
    <testcase name="inizialize flowList" time="0.002" classname="PhantomJS 1.9.8 (Linux 0.0.0).MapChartFactory inizializeData"/>
    <testcase name="inizialize flowList" time="0.002" classname="PhantomJS 1.9.8 (Linux 0.0.0).MapChartFactory inPlaceUpdate"/>
    <testcase name="inizialize flowList" time="0.008" classname="PhantomJS 1.9.8 (Linux 0.0.0).MapChartFactory streamUpdate"/>
    <testcase name="deleteData in the correct way" time="0.002" classname="PhantomJS 1.9.8 (Linux 0.0.0).MapChartFactory deleteData"/>
    <testcase name="instance defined" time="0.002" classname="PhantomJS 1.9.8 (Linux 0.0.0).PageFactory Default constructor"/>
    <testcase name="constructor create the page with the correct name" time="0.001" classname="PhantomJS 1.9.8 (Linux 0.0.0).PageFactory Default constructor">
      <failure type="">Expected &apos;Titolo di default&apos; to equal null.
    at /home/travis/build/DeltaGraphs/norris-nrti/frontend/test/unit/Model/PageSpec.js:48
</failure>
    </testcase>
    <testcase name="constructor create the page with the correct description" time="0.001" classname="PhantomJS 1.9.8 (Linux 0.0.0).PageFactory Default constructor">
      <failure type="">Expected &apos;&apos; to equal null.
    at /home/travis/build/DeltaGraphs/norris-nrti/frontend/test/unit/Model/PageSpec.js:51
</failure>
    </testcase>
    <testcase name="constructor create the page with the correct number of graphsPerRow" time="0.001" classname="PhantomJS 1.9.8 (Linux 0.0.0).PageFactory Default constructor">
      <failure type="">Expected 1 to equal null.
    at /home/travis/build/DeltaGraphs/norris-nrti/frontend/test/unit/Model/PageSpec.js:54
</failure>
    </testcase>
    <testcase name="constructor create the page with the correct number of graphsPerCol" time="0.002" classname="PhantomJS 1.9.8 (Linux 0.0.0).PageFactory Default constructor">
      <failure type="">Expected 5 to equal null.
    at /home/travis/build/DeltaGraphs/norris-nrti/frontend/test/unit/Model/PageSpec.js:57
</failure>
    </testcase>
    <testcase name="constructor create the page with the correct socketURL" time="0.002" classname="PhantomJS 1.9.8 (Linux 0.0.0).PageFactory Default constructor"/>
    <testcase name="constructor create the page with the correct number of graphs" time="0.001" classname="PhantomJS 1.9.8 (Linux 0.0.0).PageFactory Default constructor"/>
    <testcase name="instance defined" time="0.012" classname="PhantomJS 1.9.8 (Linux 0.0.0).PageFactory Constructor">
      <failure type="">TypeError: &apos;undefined&apos; is not an object (evaluating &apos;info.properties.name&apos;)
    at Page (/home/travis/build/DeltaGraphs/norris-nrti/frontend/app/Model/PagesModel/Page.js:9)
    at /home/travis/build/DeltaGraphs/norris-nrti/frontend/app/Model/PagesModel/Page.js:9
    at /home/travis/build/DeltaGraphs/norris-nrti/frontend/test/unit/Model/PageSpec.js:96
</failure>
      <failure type="">Expected undefined to be defined.
    at /home/travis/build/DeltaGraphs/norris-nrti/frontend/test/unit/Model/PageSpec.js:104
</failure>
    </testcase>
    <testcase name="constructor create the page with the correct name" time="0.002" classname="PhantomJS 1.9.8 (Linux 0.0.0).PageFactory Constructor">
      <failure type="">TypeError: &apos;undefined&apos; is not an object (evaluating &apos;info.properties.name&apos;)
    at Page (/home/travis/build/DeltaGraphs/norris-nrti/frontend/app/Model/PagesModel/Page.js:9)
    at /home/travis/build/DeltaGraphs/norris-nrti/frontend/app/Model/PagesModel/Page.js:9
    at /home/travis/build/DeltaGraphs/norris-nrti/frontend/test/unit/Model/PageSpec.js:96
</failure>
      <failure type="">TypeError: &apos;null&apos; is not an object (evaluating &apos;Page.getName&apos;)
    at /home/travis/build/DeltaGraphs/norris-nrti/frontend/test/unit/Model/PageSpec.js:108
</failure>
    </testcase>
    <testcase name="constructor create the page with the correct description" time="0.001" classname="PhantomJS 1.9.8 (Linux 0.0.0).PageFactory Constructor">
      <failure type="">TypeError: &apos;undefined&apos; is not an object (evaluating &apos;info.properties.name&apos;)
    at Page (/home/travis/build/DeltaGraphs/norris-nrti/frontend/app/Model/PagesModel/Page.js:9)
    at /home/travis/build/DeltaGraphs/norris-nrti/frontend/app/Model/PagesModel/Page.js:9
    at /home/travis/build/DeltaGraphs/norris-nrti/frontend/test/unit/Model/PageSpec.js:96
</failure>
      <failure type="">TypeError: &apos;null&apos; is not an object (evaluating &apos;Page.getDescription&apos;)
    at /home/travis/build/DeltaGraphs/norris-nrti/frontend/test/unit/Model/PageSpec.js:111
</failure>
    </testcase>
    <testcase name="constructor create the page with the correct number of graphsPerRow" time="0.002" classname="PhantomJS 1.9.8 (Linux 0.0.0).PageFactory Constructor">
      <failure type="">TypeError: &apos;undefined&apos; is not an object (evaluating &apos;info.properties.name&apos;)
    at Page (/home/travis/build/DeltaGraphs/norris-nrti/frontend/app/Model/PagesModel/Page.js:9)
    at /home/travis/build/DeltaGraphs/norris-nrti/frontend/app/Model/PagesModel/Page.js:9
    at /home/travis/build/DeltaGraphs/norris-nrti/frontend/test/unit/Model/PageSpec.js:96
</failure>
      <failure type="">TypeError: &apos;null&apos; is not an object (evaluating &apos;Page.getGraphsPerRow&apos;)
    at /home/travis/build/DeltaGraphs/norris-nrti/frontend/test/unit/Model/PageSpec.js:114
</failure>
    </testcase>
    <testcase name="constructor create the page with the correct number of graphsPerCol" time="0.002" classname="PhantomJS 1.9.8 (Linux 0.0.0).PageFactory Constructor">
      <failure type="">TypeError: &apos;undefined&apos; is not an object (evaluating &apos;info.properties.name&apos;)
    at Page (/home/travis/build/DeltaGraphs/norris-nrti/frontend/app/Model/PagesModel/Page.js:9)
    at /home/travis/build/DeltaGraphs/norris-nrti/frontend/app/Model/PagesModel/Page.js:9
    at /home/travis/build/DeltaGraphs/norris-nrti/frontend/test/unit/Model/PageSpec.js:96
</failure>
      <failure type="">TypeError: &apos;null&apos; is not an object (evaluating &apos;Page.getGraphsPerCol&apos;)
    at /home/travis/build/DeltaGraphs/norris-nrti/frontend/test/unit/Model/PageSpec.js:117
</failure>
    </testcase>
    <testcase name="constructor create the page with the correct socketURL" time="0.001" classname="PhantomJS 1.9.8 (Linux 0.0.0).PageFactory Constructor">
      <failure type="">TypeError: &apos;undefined&apos; is not an object (evaluating &apos;info.properties.name&apos;)
    at Page (/home/travis/build/DeltaGraphs/norris-nrti/frontend/app/Model/PagesModel/Page.js:9)
    at /home/travis/build/DeltaGraphs/norris-nrti/frontend/app/Model/PagesModel/Page.js:9
    at /home/travis/build/DeltaGraphs/norris-nrti/frontend/test/unit/Model/PageSpec.js:96
</failure>
      <failure type="">TypeError: &apos;null&apos; is not an object (evaluating &apos;Page.getUrl&apos;)
    at /home/travis/build/DeltaGraphs/norris-nrti/frontend/test/unit/Model/PageSpec.js:120
</failure>
    </testcase>
    <testcase name="constructor create the page with the correct number of graphs" time="0.002" classname="PhantomJS 1.9.8 (Linux 0.0.0).PageFactory Constructor">
      <failure type="">TypeError: &apos;undefined&apos; is not an object (evaluating &apos;info.properties.name&apos;)
    at Page (/home/travis/build/DeltaGraphs/norris-nrti/frontend/app/Model/PagesModel/Page.js:9)
    at /home/travis/build/DeltaGraphs/norris-nrti/frontend/app/Model/PagesModel/Page.js:9
    at /home/travis/build/DeltaGraphs/norris-nrti/frontend/test/unit/Model/PageSpec.js:96
</failure>
      <failure type="">TypeError: &apos;null&apos; is not an object (evaluating &apos;Page.getGraphsList&apos;)
    at /home/travis/build/DeltaGraphs/norris-nrti/frontend/test/unit/Model/PageSpec.js:123
</failure>
    </testcase>
    <testcase name="page updated with the correct name" time="0.002" classname="PhantomJS 1.9.8 (Linux 0.0.0).PageFactory updateParameters"/>
    <testcase name="page updated with the correct description" time="0.001" classname="PhantomJS 1.9.8 (Linux 0.0.0).PageFactory updateParameters"/>
    <testcase name="page updated with the correct number of graphsPerRow" time="0.002" classname="PhantomJS 1.9.8 (Linux 0.0.0).PageFactory updateParameters"/>
    <testcase name="page updated with the correct number of graphsPerCol" time="0.001" classname="PhantomJS 1.9.8 (Linux 0.0.0).PageFactory updateParameters"/>
    <testcase name="page updated with the correct socketURL" time="0.002" classname="PhantomJS 1.9.8 (Linux 0.0.0).PageFactory updateParameters">
      <failure type="">Expected null to equal &apos;http://localhost/pageN&apos;.
    at /home/travis/build/DeltaGraphs/norris-nrti/frontend/test/unit/Model/PageSpec.js:163
</failure>
    </testcase>
    <testcase name="graphs added correctly to the list" time="0.007" classname="PhantomJS 1.9.8 (Linux 0.0.0).PageFactory addGraph"/>
    <testcase name="instance defined" time="0.002" classname="PhantomJS 1.9.8 (Linux 0.0.0).PagesList Default constructor"/>
    <testcase name="constructor create an array with the exactly number of pages" time="0.001" classname="PhantomJS 1.9.8 (Linux 0.0.0).PagesList Default constructor"/>
    <testcase name="instance defined" time="0.012" classname="PhantomJS 1.9.8 (Linux 0.0.0).PagesList Constructor">
      <failure type="">TypeError: &apos;undefined&apos; is not an object (evaluating &apos;info.properties.name&apos;)
    at Page (/home/travis/build/DeltaGraphs/norris-nrti/frontend/app/Model/PagesModel/Page.js:9)
    at /home/travis/build/DeltaGraphs/norris-nrti/frontend/app/Model/PagesModel/Page.js:9
    at PagesList (/home/travis/build/DeltaGraphs/norris-nrti/frontend/app/Model/PagesModel/PagesList.js:9)
    at /home/travis/build/DeltaGraphs/norris-nrti/frontend/test/unit/Model/PagesListSpec.js:65
</failure>
    </testcase>
    <testcase name="constructor create an array with the exactly number of pages" time="0.002" classname="PhantomJS 1.9.8 (Linux 0.0.0).PagesList Constructor">
      <failure type="">TypeError: &apos;undefined&apos; is not an object (evaluating &apos;info.properties.name&apos;)
    at Page (/home/travis/build/DeltaGraphs/norris-nrti/frontend/app/Model/PagesModel/Page.js:9)
    at /home/travis/build/DeltaGraphs/norris-nrti/frontend/app/Model/PagesModel/Page.js:9
    at PagesList (/home/travis/build/DeltaGraphs/norris-nrti/frontend/app/Model/PagesModel/PagesList.js:9)
    at /home/travis/build/DeltaGraphs/norris-nrti/frontend/test/unit/Model/PagesListSpec.js:65
</failure>
      <failure type="">TypeError: &apos;undefined&apos; is not a function (evaluating &apos;PagesList.getPagesList()&apos;)
    at /home/travis/build/DeltaGraphs/norris-nrti/frontend/test/unit/Model/PagesListSpec.js:76
</failure>
    </testcase>
    <testcase name="page added to the pagesList" time="0.002" classname="PhantomJS 1.9.8 (Linux 0.0.0).PagesList addPage">
      <failure type="">TypeError: &apos;undefined&apos; is not an object (evaluating &apos;info.properties.name&apos;)
    at Page (/home/travis/build/DeltaGraphs/norris-nrti/frontend/app/Model/PagesModel/Page.js:9)
    at /home/travis/build/DeltaGraphs/norris-nrti/frontend/app/Model/PagesModel/Page.js:9
    at /home/travis/build/DeltaGraphs/norris-nrti/frontend/app/Model/PagesModel/PagesList.js:9
    at /home/travis/build/DeltaGraphs/norris-nrti/frontend/test/unit/Model/PagesListSpec.js:88
</failure>
      <failure type="">Expected 0 to equal 1.
    at /home/travis/build/DeltaGraphs/norris-nrti/frontend/test/unit/Model/PagesListSpec.js:96
</failure>
    </testcase>
    <testcase name="default constructor create the flow in the correct way" time="0.002" classname="PhantomJS 1.9.8 (Linux 0.0.0).TableFlowFactory Default constructor"/>
    <testcase name="constructor create the flow with the correct max item displayed" time="0.002" classname="PhantomJS 1.9.8 (Linux 0.0.0).TableFlowFactory Constructor">
      <failure type="">Expected 100 to equal &apos;20&apos;.
    at /home/travis/build/DeltaGraphs/norris-nrti/frontend/test/unit/Model/TableFlowSpec.js:68
</failure>
    </testcase>
    <testcase name="flow updated with the correct max item displayed" time="0.002" classname="PhantomJS 1.9.8 (Linux 0.0.0).TableFlowFactory updateParameters">
      <failure type="">Expected 100 to equal 15.
    at /home/travis/build/DeltaGraphs/norris-nrti/frontend/test/unit/Model/TableFlowSpec.js:119
</failure>
    </testcase>
    <testcase name="data inizialize in the correct way" time="0.002" classname="PhantomJS 1.9.8 (Linux 0.0.0).TableFlowFactory inizializeData">
      <failure type="">Expected 0 to equal 3.
    at /home/travis/build/DeltaGraphs/norris-nrti/frontend/test/unit/Model/TableFlowSpec.js:153
</failure>
    </testcase>
    <testcase name="data empty in the correct way" time="0.002" classname="PhantomJS 1.9.8 (Linux 0.0.0).TableFlowFactory emptyData">
      <failure type="">Expected 0 to equal 3.
    at /home/travis/build/DeltaGraphs/norris-nrti/frontend/test/unit/Model/TableFlowSpec.js:189
</failure>
    </testcase>
    <testcase name="data updated in the correct way" time="0.002" classname="PhantomJS 1.9.8 (Linux 0.0.0).TableFlowFactory inPlaceUpdate">
      <failure type="">TypeError: &apos;undefined&apos; is not an object (evaluating &apos;TableFlow.getData()[0].value&apos;)
    at /home/travis/build/DeltaGraphs/norris-nrti/frontend/test/unit/Model/TableFlowSpec.js:224
</failure>
    </testcase>
    <testcase name="streamUpdate call initializedData in the correct way" time="0.002" classname="PhantomJS 1.9.8 (Linux 0.0.0).TableFlowFactory streamUpdate">
      <failure type="">Expected 0 to equal 1.
    at /home/travis/build/DeltaGraphs/norris-nrti/frontend/test/unit/Model/TableFlowSpec.js:252
</failure>
    </testcase>
    <testcase name="Table created" time="0.004" classname="PhantomJS 1.9.8 (Linux 0.0.0).TableFactory Constructor">
      <failure type="">Error: [$injector:unpr] Unknown provider: CellFactoryProvider &lt;- CellFactory &lt;- TableFactory
http://errors.angularjs.org/1.4.0/$injector/unpr?p0=CellFactoryProvider%20%3C-%20CellFactory%20%3C-%20TableFactory
    at /home/travis/build/DeltaGraphs/norris-nrti/frontend/app/bower_components/angular/angular.js:4238
    at getService (/home/travis/build/DeltaGraphs/norris-nrti/frontend/app/bower_components/angular/angular.js:4385)
    at /home/travis/build/DeltaGraphs/norris-nrti/frontend/app/bower_components/angular/angular.js:4243
    at getService (/home/travis/build/DeltaGraphs/norris-nrti/frontend/app/bower_components/angular/angular.js:4385)
    at invoke (/home/travis/build/DeltaGraphs/norris-nrti/frontend/app/bower_components/angular/angular.js:4417)
    at enforcedReturnValue (/home/travis/build/DeltaGraphs/norris-nrti/frontend/app/bower_components/angular/angular.js:4279)
    at invoke (/home/travis/build/DeltaGraphs/norris-nrti/frontend/app/bower_components/angular/angular.js:4426)
    at /home/travis/build/DeltaGraphs/norris-nrti/frontend/app/bower_components/angular/angular.js:4244
    at getService (/home/travis/build/DeltaGraphs/norris-nrti/frontend/app/bower_components/angular/angular.js:4385)
    at invoke (/home/travis/build/DeltaGraphs/norris-nrti/frontend/app/bower_components/angular/angular.js:4417)
    at workFn (/home/travis/build/DeltaGraphs/norris-nrti/frontend/app/bower_components/angular-mocks/angular-mocks.js:2420)
undefined
</failure>
      <failure type="">TypeError: &apos;undefined&apos; is not an object (evaluating &apos;TableFactory.build&apos;)
    at /home/travis/build/DeltaGraphs/norris-nrti/frontend/test/unit/Model/TableSpec.js:44
</failure>
      <failure type="">Expected undefined to be defined.
    at /home/travis/build/DeltaGraphs/norris-nrti/frontend/test/unit/Model/TableSpec.js:52
</failure>
    </testcase>
    <testcase name="graph Constructor called" time="0.002" classname="PhantomJS 1.9.8 (Linux 0.0.0).TableFactory Constructor">
      <failure type="">Error: [$injector:unpr] Unknown provider: CellFactoryProvider &lt;- CellFactory &lt;- TableFactory
http://errors.angularjs.org/1.4.0/$injector/unpr?p0=CellFactoryProvider%20%3C-%20CellFactory%20%3C-%20TableFactory
    at /home/travis/build/DeltaGraphs/norris-nrti/frontend/app/bower_components/angular/angular.js:4238
    at getService (/home/travis/build/DeltaGraphs/norris-nrti/frontend/app/bower_components/angular/angular.js:4385)
    at /home/travis/build/DeltaGraphs/norris-nrti/frontend/app/bower_components/angular/angular.js:4243
    at getService (/home/travis/build/DeltaGraphs/norris-nrti/frontend/app/bower_components/angular/angular.js:4385)
    at invoke (/home/travis/build/DeltaGraphs/norris-nrti/frontend/app/bower_components/angular/angular.js:4417)
    at enforcedReturnValue (/home/travis/build/DeltaGraphs/norris-nrti/frontend/app/bower_components/angular/angular.js:4279)
    at invoke (/home/travis/build/DeltaGraphs/norris-nrti/frontend/app/bower_components/angular/angular.js:4426)
    at /home/travis/build/DeltaGraphs/norris-nrti/frontend/app/bower_components/angular/angular.js:4244
    at getService (/home/travis/build/DeltaGraphs/norris-nrti/frontend/app/bower_components/angular/angular.js:4385)
    at invoke (/home/travis/build/DeltaGraphs/norris-nrti/frontend/app/bower_components/angular/angular.js:4417)
    at workFn (/home/travis/build/DeltaGraphs/norris-nrti/frontend/app/bower_components/angular-mocks/angular-mocks.js:2420)
</failure>
      <failure type="">TypeError: &apos;undefined&apos; is not an object (evaluating &apos;TableFactory.build&apos;)
    at /home/travis/build/DeltaGraphs/norris-nrti/frontend/test/unit/Model/TableSpec.js:44
</failure>
      <failure type="">TypeError: &apos;null&apos; is not an object (evaluating &apos;Table.getTitle&apos;)
    at /home/travis/build/DeltaGraphs/norris-nrti/frontend/test/unit/Model/TableSpec.js:55
</failure>
    </testcase>
    <testcase name="graph Constructor called" time="0.001" classname="PhantomJS 1.9.8 (Linux 0.0.0).TableFactory Constructor">
      <failure type="">Error: [$injector:unpr] Unknown provider: CellFactoryProvider &lt;- CellFactory &lt;- TableFactory
http://errors.angularjs.org/1.4.0/$injector/unpr?p0=CellFactoryProvider%20%3C-%20CellFactory%20%3C-%20TableFactory
    at /home/travis/build/DeltaGraphs/norris-nrti/frontend/app/bower_components/angular/angular.js:4238
    at getService (/home/travis/build/DeltaGraphs/norris-nrti/frontend/app/bower_components/angular/angular.js:4385)
    at /home/travis/build/DeltaGraphs/norris-nrti/frontend/app/bower_components/angular/angular.js:4243
    at getService (/home/travis/build/DeltaGraphs/norris-nrti/frontend/app/bower_components/angular/angular.js:4385)
    at invoke (/home/travis/build/DeltaGraphs/norris-nrti/frontend/app/bower_components/angular/angular.js:4417)
    at enforcedReturnValue (/home/travis/build/DeltaGraphs/norris-nrti/frontend/app/bower_components/angular/angular.js:4279)
    at invoke (/home/travis/build/DeltaGraphs/norris-nrti/frontend/app/bower_components/angular/angular.js:4426)
    at /home/travis/build/DeltaGraphs/norris-nrti/frontend/app/bower_components/angular/angular.js:4244
    at getService (/home/travis/build/DeltaGraphs/norris-nrti/frontend/app/bower_components/angular/angular.js:4385)
    at invoke (/home/travis/build/DeltaGraphs/norris-nrti/frontend/app/bower_components/angular/angular.js:4417)
    at workFn (/home/travis/build/DeltaGraphs/norris-nrti/frontend/app/bower_components/angular-mocks/angular-mocks.js:2420)
</failure>
      <failure type="">TypeError: &apos;undefined&apos; is not an object (evaluating &apos;TableFactory.build&apos;)
    at /home/travis/build/DeltaGraphs/norris-nrti/frontend/test/unit/Model/TableSpec.js:44
</failure>
      <failure type="">TypeError: &apos;null&apos; is not an object (evaluating &apos;Table.getUrl&apos;)
    at /home/travis/build/DeltaGraphs/norris-nrti/frontend/test/unit/Model/TableSpec.js:58
</failure>
    </testcase>
    <testcase name="graph created with the correct headers" time="0.001" classname="PhantomJS 1.9.8 (Linux 0.0.0).TableFactory Constructor">
      <failure type="">Error: [$injector:unpr] Unknown provider: CellFactoryProvider &lt;- CellFactory &lt;- TableFactory
http://errors.angularjs.org/1.4.0/$injector/unpr?p0=CellFactoryProvider%20%3C-%20CellFactory%20%3C-%20TableFactory
    at /home/travis/build/DeltaGraphs/norris-nrti/frontend/app/bower_components/angular/angular.js:4238
    at getService (/home/travis/build/DeltaGraphs/norris-nrti/frontend/app/bower_components/angular/angular.js:4385)
    at /home/travis/build/DeltaGraphs/norris-nrti/frontend/app/bower_components/angular/angular.js:4243
    at getService (/home/travis/build/DeltaGraphs/norris-nrti/frontend/app/bower_components/angular/angular.js:4385)
    at invoke (/home/travis/build/DeltaGraphs/norris-nrti/frontend/app/bower_components/angular/angular.js:4417)
    at enforcedReturnValue (/home/travis/build/DeltaGraphs/norris-nrti/frontend/app/bower_components/angular/angular.js:4279)
    at invoke (/home/travis/build/DeltaGraphs/norris-nrti/frontend/app/bower_components/angular/angular.js:4426)
    at /home/travis/build/DeltaGraphs/norris-nrti/frontend/app/bower_components/angular/angular.js:4244
    at getService (/home/travis/build/DeltaGraphs/norris-nrti/frontend/app/bower_components/angular/angular.js:4385)
    at invoke (/home/travis/build/DeltaGraphs/norris-nrti/frontend/app/bower_components/angular/angular.js:4417)
    at workFn (/home/travis/build/DeltaGraphs/norris-nrti/frontend/app/bower_components/angular-mocks/angular-mocks.js:2420)
</failure>
      <failure type="">TypeError: &apos;undefined&apos; is not an object (evaluating &apos;TableFactory.build&apos;)
    at /home/travis/build/DeltaGraphs/norris-nrti/frontend/test/unit/Model/TableSpec.js:44
</failure>
      <failure type="">TypeError: &apos;null&apos; is not an object (evaluating &apos;Table.getHeaders&apos;)
    at /home/travis/build/DeltaGraphs/norris-nrti/frontend/test/unit/Model/TableSpec.js:61
</failure>
    </testcase>
    <testcase name="graph created with the correct item displayed per page" time="0.001" classname="PhantomJS 1.9.8 (Linux 0.0.0).TableFactory Constructor">
      <failure type="">Error: [$injector:unpr] Unknown provider: CellFactoryProvider &lt;- CellFactory &lt;- TableFactory
http://errors.angularjs.org/1.4.0/$injector/unpr?p0=CellFactoryProvider%20%3C-%20CellFactory%20%3C-%20TableFactory
    at /home/travis/build/DeltaGraphs/norris-nrti/frontend/app/bower_components/angular/angular.js:4238
    at getService (/home/travis/build/DeltaGraphs/norris-nrti/frontend/app/bower_components/angular/angular.js:4385)
    at /home/travis/build/DeltaGraphs/norris-nrti/frontend/app/bower_components/angular/angular.js:4243
    at getService (/home/travis/build/DeltaGraphs/norris-nrti/frontend/app/bower_components/angular/angular.js:4385)
    at invoke (/home/travis/build/DeltaGraphs/norris-nrti/frontend/app/bower_components/angular/angular.js:4417)
    at enforcedReturnValue (/home/travis/build/DeltaGraphs/norris-nrti/frontend/app/bower_components/angular/angular.js:4279)
    at invoke (/home/travis/build/DeltaGraphs/norris-nrti/frontend/app/bower_components/angular/angular.js:4426)
    at /home/travis/build/DeltaGraphs/norris-nrti/frontend/app/bower_components/angular/angular.js:4244
    at getService (/home/travis/build/DeltaGraphs/norris-nrti/frontend/app/bower_components/angular/angular.js:4385)
    at invoke (/home/travis/build/DeltaGraphs/norris-nrti/frontend/app/bower_components/angular/angular.js:4417)
    at workFn (/home/travis/build/DeltaGraphs/norris-nrti/frontend/app/bower_components/angular-mocks/angular-mocks.js:2420)
</failure>
      <failure type="">TypeError: &apos;undefined&apos; is not an object (evaluating &apos;TableFactory.build&apos;)
    at /home/travis/build/DeltaGraphs/norris-nrti/frontend/test/unit/Model/TableSpec.js:44
</failure>
      <failure type="">TypeError: &apos;null&apos; is not an object (evaluating &apos;Table.getMaxItemsPage&apos;)
    at /home/travis/build/DeltaGraphs/norris-nrti/frontend/test/unit/Model/TableSpec.js:64
</failure>
    </testcase>
    <testcase name="graph created with the correct add data position" time="0.002" classname="PhantomJS 1.9.8 (Linux 0.0.0).TableFactory Constructor">
      <failure type="">Error: [$injector:unpr] Unknown provider: CellFactoryProvider &lt;- CellFactory &lt;- TableFactory
http://errors.angularjs.org/1.4.0/$injector/unpr?p0=CellFactoryProvider%20%3C-%20CellFactory%20%3C-%20TableFactory
    at /home/travis/build/DeltaGraphs/norris-nrti/frontend/app/bower_components/angular/angular.js:4238
    at getService (/home/travis/build/DeltaGraphs/norris-nrti/frontend/app/bower_components/angular/angular.js:4385)
    at /home/travis/build/DeltaGraphs/norris-nrti/frontend/app/bower_components/angular/angular.js:4243
    at getService (/home/travis/build/DeltaGraphs/norris-nrti/frontend/app/bower_components/angular/angular.js:4385)
    at invoke (/home/travis/build/DeltaGraphs/norris-nrti/frontend/app/bower_components/angular/angular.js:4417)
    at enforcedReturnValue (/home/travis/build/DeltaGraphs/norris-nrti/frontend/app/bower_components/angular/angular.js:4279)
    at invoke (/home/travis/build/DeltaGraphs/norris-nrti/frontend/app/bower_components/angular/angular.js:4426)
    at /home/travis/build/DeltaGraphs/norris-nrti/frontend/app/bower_components/angular/angular.js:4244
    at getService (/home/travis/build/DeltaGraphs/norris-nrti/frontend/app/bower_components/angular/angular.js:4385)
    at invoke (/home/travis/build/DeltaGraphs/norris-nrti/frontend/app/bower_components/angular/angular.js:4417)
    at workFn (/home/travis/build/DeltaGraphs/norris-nrti/frontend/app/bower_components/angular-mocks/angular-mocks.js:2420)
</failure>
      <failure type="">TypeError: &apos;undefined&apos; is not an object (evaluating &apos;TableFactory.build&apos;)
    at /home/travis/build/DeltaGraphs/norris-nrti/frontend/test/unit/Model/TableSpec.js:44
</failure>
      <failure type="">TypeError: &apos;null&apos; is not an object (evaluating &apos;Table.getAddRowOn&apos;)
    at /home/travis/build/DeltaGraphs/norris-nrti/frontend/test/unit/Model/TableSpec.js:67
</failure>
    </testcase>
    <testcase name="graph created with the correct sortable" time="0.006" classname="PhantomJS 1.9.8 (Linux 0.0.0).TableFactory Constructor">
      <failure type="">Error: [$injector:unpr] Unknown provider: CellFactoryProvider &lt;- CellFactory &lt;- TableFactory
http://errors.angularjs.org/1.4.0/$injector/unpr?p0=CellFactoryProvider%20%3C-%20CellFactory%20%3C-%20TableFactory
    at /home/travis/build/DeltaGraphs/norris-nrti/frontend/app/bower_components/angular/angular.js:4238
    at getService (/home/travis/build/DeltaGraphs/norris-nrti/frontend/app/bower_components/angular/angular.js:4385)
    at /home/travis/build/DeltaGraphs/norris-nrti/frontend/app/bower_components/angular/angular.js:4243
    at getService (/home/travis/build/DeltaGraphs/norris-nrti/frontend/app/bower_components/angular/angular.js:4385)
    at invoke (/home/travis/build/DeltaGraphs/norris-nrti/frontend/app/bower_components/angular/angular.js:4417)
    at enforcedReturnValue (/home/travis/build/DeltaGraphs/norris-nrti/frontend/app/bower_components/angular/angular.js:4279)
    at invoke (/home/travis/build/DeltaGraphs/norris-nrti/frontend/app/bower_components/angular/angular.js:4426)
    at /home/travis/build/DeltaGraphs/norris-nrti/frontend/app/bower_components/angular/angular.js:4244
    at getService (/home/travis/build/DeltaGraphs/norris-nrti/frontend/app/bower_components/angular/angular.js:4385)
    at invoke (/home/travis/build/DeltaGraphs/norris-nrti/frontend/app/bower_components/angular/angular.js:4417)
    at workFn (/home/travis/build/DeltaGraphs/norris-nrti/frontend/app/bower_components/angular-mocks/angular-mocks.js:2420)
</failure>
      <failure type="">TypeError: &apos;undefined&apos; is not an object (evaluating &apos;TableFactory.build&apos;)
    at /home/travis/build/DeltaGraphs/norris-nrti/frontend/test/unit/Model/TableSpec.js:44
</failure>
      <failure type="">TypeError: &apos;null&apos; is not an object (evaluating &apos;Table.getSortable&apos;)
    at /home/travis/build/DeltaGraphs/norris-nrti/frontend/test/unit/Model/TableSpec.js:70
</failure>
    </testcase>
    <testcase name="graph created with the correct sort" time="0.002" classname="PhantomJS 1.9.8 (Linux 0.0.0).TableFactory Constructor">
      <failure type="">Error: [$injector:unpr] Unknown provider: CellFactoryProvider &lt;- CellFactory &lt;- TableFactory
http://errors.angularjs.org/1.4.0/$injector/unpr?p0=CellFactoryProvider%20%3C-%20CellFactory%20%3C-%20TableFactory
    at /home/travis/build/DeltaGraphs/norris-nrti/frontend/app/bower_components/angular/angular.js:4238
    at getService (/home/travis/build/DeltaGraphs/norris-nrti/frontend/app/bower_components/angular/angular.js:4385)
    at /home/travis/build/DeltaGraphs/norris-nrti/frontend/app/bower_components/angular/angular.js:4243
    at getService (/home/travis/build/DeltaGraphs/norris-nrti/frontend/app/bower_components/angular/angular.js:4385)
    at invoke (/home/travis/build/DeltaGraphs/norris-nrti/frontend/app/bower_components/angular/angular.js:4417)
    at enforcedReturnValue (/home/travis/build/DeltaGraphs/norris-nrti/frontend/app/bower_components/angular/angular.js:4279)
    at invoke (/home/travis/build/DeltaGraphs/norris-nrti/frontend/app/bower_components/angular/angular.js:4426)
    at /home/travis/build/DeltaGraphs/norris-nrti/frontend/app/bower_components/angular/angular.js:4244
    at getService (/home/travis/build/DeltaGraphs/norris-nrti/frontend/app/bower_components/angular/angular.js:4385)
    at invoke (/home/travis/build/DeltaGraphs/norris-nrti/frontend/app/bower_components/angular/angular.js:4417)
    at workFn (/home/travis/build/DeltaGraphs/norris-nrti/frontend/app/bower_components/angular-mocks/angular-mocks.js:2420)
</failure>
      <failure type="">TypeError: &apos;undefined&apos; is not an object (evaluating &apos;TableFactory.build&apos;)
    at /home/travis/build/DeltaGraphs/norris-nrti/frontend/test/unit/Model/TableSpec.js:44
</failure>
      <failure type="">TypeError: &apos;null&apos; is not an object (evaluating &apos;Table.getSort&apos;)
    at /home/travis/build/DeltaGraphs/norris-nrti/frontend/test/unit/Model/TableSpec.js:73
</failure>
    </testcase>
    <testcase name="graph created with the correct appearance" time="0.002" classname="PhantomJS 1.9.8 (Linux 0.0.0).TableFactory Constructor">
      <failure type="">Error: [$injector:unpr] Unknown provider: CellFactoryProvider &lt;- CellFactory &lt;- TableFactory
http://errors.angularjs.org/1.4.0/$injector/unpr?p0=CellFactoryProvider%20%3C-%20CellFactory%20%3C-%20TableFactory
    at /home/travis/build/DeltaGraphs/norris-nrti/frontend/app/bower_components/angular/angular.js:4238
    at getService (/home/travis/build/DeltaGraphs/norris-nrti/frontend/app/bower_components/angular/angular.js:4385)
    at /home/travis/build/DeltaGraphs/norris-nrti/frontend/app/bower_components/angular/angular.js:4243
    at getService (/home/travis/build/DeltaGraphs/norris-nrti/frontend/app/bower_components/angular/angular.js:4385)
    at invoke (/home/travis/build/DeltaGraphs/norris-nrti/frontend/app/bower_components/angular/angular.js:4417)
    at enforcedReturnValue (/home/travis/build/DeltaGraphs/norris-nrti/frontend/app/bower_components/angular/angular.js:4279)
    at invoke (/home/travis/build/DeltaGraphs/norris-nrti/frontend/app/bower_components/angular/angular.js:4426)
    at /home/travis/build/DeltaGraphs/norris-nrti/frontend/app/bower_components/angular/angular.js:4244
    at getService (/home/travis/build/DeltaGraphs/norris-nrti/frontend/app/bower_components/angular/angular.js:4385)
    at invoke (/home/travis/build/DeltaGraphs/norris-nrti/frontend/app/bower_components/angular/angular.js:4417)
    at workFn (/home/travis/build/DeltaGraphs/norris-nrti/frontend/app/bower_components/angular-mocks/angular-mocks.js:2420)
</failure>
      <failure type="">TypeError: &apos;undefined&apos; is not an object (evaluating &apos;TableFactory.build&apos;)
    at /home/travis/build/DeltaGraphs/norris-nrti/frontend/test/unit/Model/TableSpec.js:44
</failure>
      <failure type="">TypeError: &apos;null&apos; is not an object (evaluating &apos;Table.getAppearance&apos;)
    at /home/travis/build/DeltaGraphs/norris-nrti/frontend/test/unit/Model/TableSpec.js:76
</failure>
    </testcase>
    <testcase name="Table created" time="0.002" classname="PhantomJS 1.9.8 (Linux 0.0.0).TableFactory updateParameters">
      <failure type="">Error: [$injector:unpr] Unknown provider: CellFactoryProvider &lt;- CellFactory &lt;- TableFactory
http://errors.angularjs.org/1.4.0/$injector/unpr?p0=CellFactoryProvider%20%3C-%20CellFactory%20%3C-%20TableFactory
    at /home/travis/build/DeltaGraphs/norris-nrti/frontend/app/bower_components/angular/angular.js:4238
    at getService (/home/travis/build/DeltaGraphs/norris-nrti/frontend/app/bower_components/angular/angular.js:4385)
    at /home/travis/build/DeltaGraphs/norris-nrti/frontend/app/bower_components/angular/angular.js:4243
    at getService (/home/travis/build/DeltaGraphs/norris-nrti/frontend/app/bower_components/angular/angular.js:4385)
    at invoke (/home/travis/build/DeltaGraphs/norris-nrti/frontend/app/bower_components/angular/angular.js:4417)
    at enforcedReturnValue (/home/travis/build/DeltaGraphs/norris-nrti/frontend/app/bower_components/angular/angular.js:4279)
    at invoke (/home/travis/build/DeltaGraphs/norris-nrti/frontend/app/bower_components/angular/angular.js:4426)
    at /home/travis/build/DeltaGraphs/norris-nrti/frontend/app/bower_components/angular/angular.js:4244
    at getService (/home/travis/build/DeltaGraphs/norris-nrti/frontend/app/bower_components/angular/angular.js:4385)
    at invoke (/home/travis/build/DeltaGraphs/norris-nrti/frontend/app/bower_components/angular/angular.js:4417)
    at workFn (/home/travis/build/DeltaGraphs/norris-nrti/frontend/app/bower_components/angular-mocks/angular-mocks.js:2420)
</failure>
      <failure type="">TypeError: &apos;undefined&apos; is not an object (evaluating &apos;TableFactory.build&apos;)
    at /home/travis/build/DeltaGraphs/norris-nrti/frontend/test/unit/Model/TableSpec.js:170
</failure>
      <failure type="">Expected undefined to be defined.
    at /home/travis/build/DeltaGraphs/norris-nrti/frontend/test/unit/Model/TableSpec.js:179
</failure>
    </testcase>
    <testcase name="graph updated with the correct headers" time="0.001" classname="PhantomJS 1.9.8 (Linux 0.0.0).TableFactory updateParameters">
      <failure type="">Error: [$injector:unpr] Unknown provider: CellFactoryProvider &lt;- CellFactory &lt;- TableFactory
http://errors.angularjs.org/1.4.0/$injector/unpr?p0=CellFactoryProvider%20%3C-%20CellFactory%20%3C-%20TableFactory
    at /home/travis/build/DeltaGraphs/norris-nrti/frontend/app/bower_components/angular/angular.js:4238
    at getService (/home/travis/build/DeltaGraphs/norris-nrti/frontend/app/bower_components/angular/angular.js:4385)
    at /home/travis/build/DeltaGraphs/norris-nrti/frontend/app/bower_components/angular/angular.js:4243
    at getService (/home/travis/build/DeltaGraphs/norris-nrti/frontend/app/bower_components/angular/angular.js:4385)
    at invoke (/home/travis/build/DeltaGraphs/norris-nrti/frontend/app/bower_components/angular/angular.js:4417)
    at enforcedReturnValue (/home/travis/build/DeltaGraphs/norris-nrti/frontend/app/bower_components/angular/angular.js:4279)
    at invoke (/home/travis/build/DeltaGraphs/norris-nrti/frontend/app/bower_components/angular/angular.js:4426)
    at /home/travis/build/DeltaGraphs/norris-nrti/frontend/app/bower_components/angular/angular.js:4244
    at getService (/home/travis/build/DeltaGraphs/norris-nrti/frontend/app/bower_components/angular/angular.js:4385)
    at invoke (/home/travis/build/DeltaGraphs/norris-nrti/frontend/app/bower_components/angular/angular.js:4417)
    at workFn (/home/travis/build/DeltaGraphs/norris-nrti/frontend/app/bower_components/angular-mocks/angular-mocks.js:2420)
</failure>
      <failure type="">TypeError: &apos;undefined&apos; is not an object (evaluating &apos;TableFactory.build&apos;)
    at /home/travis/build/DeltaGraphs/norris-nrti/frontend/test/unit/Model/TableSpec.js:170
</failure>
      <failure type="">TypeError: &apos;null&apos; is not an object (evaluating &apos;Table.getHeaders&apos;)
    at /home/travis/build/DeltaGraphs/norris-nrti/frontend/test/unit/Model/TableSpec.js:183
</failure>
    </testcase>
    <testcase name="graph updated with the correct item displayed per page" time="0.001" classname="PhantomJS 1.9.8 (Linux 0.0.0).TableFactory updateParameters">
      <failure type="">Error: [$injector:unpr] Unknown provider: CellFactoryProvider &lt;- CellFactory &lt;- TableFactory
http://errors.angularjs.org/1.4.0/$injector/unpr?p0=CellFactoryProvider%20%3C-%20CellFactory%20%3C-%20TableFactory
    at /home/travis/build/DeltaGraphs/norris-nrti/frontend/app/bower_components/angular/angular.js:4238
    at getService (/home/travis/build/DeltaGraphs/norris-nrti/frontend/app/bower_components/angular/angular.js:4385)
    at /home/travis/build/DeltaGraphs/norris-nrti/frontend/app/bower_components/angular/angular.js:4243
    at getService (/home/travis/build/DeltaGraphs/norris-nrti/frontend/app/bower_components/angular/angular.js:4385)
    at invoke (/home/travis/build/DeltaGraphs/norris-nrti/frontend/app/bower_components/angular/angular.js:4417)
    at enforcedReturnValue (/home/travis/build/DeltaGraphs/norris-nrti/frontend/app/bower_components/angular/angular.js:4279)
    at invoke (/home/travis/build/DeltaGraphs/norris-nrti/frontend/app/bower_components/angular/angular.js:4426)
    at /home/travis/build/DeltaGraphs/norris-nrti/frontend/app/bower_components/angular/angular.js:4244
    at getService (/home/travis/build/DeltaGraphs/norris-nrti/frontend/app/bower_components/angular/angular.js:4385)
    at invoke (/home/travis/build/DeltaGraphs/norris-nrti/frontend/app/bower_components/angular/angular.js:4417)
    at workFn (/home/travis/build/DeltaGraphs/norris-nrti/frontend/app/bower_components/angular-mocks/angular-mocks.js:2420)
</failure>
      <failure type="">TypeError: &apos;undefined&apos; is not an object (evaluating &apos;TableFactory.build&apos;)
    at /home/travis/build/DeltaGraphs/norris-nrti/frontend/test/unit/Model/TableSpec.js:170
</failure>
      <failure type="">TypeError: &apos;null&apos; is not an object (evaluating &apos;Table.getMaxItemsPage&apos;)
    at /home/travis/build/DeltaGraphs/norris-nrti/frontend/test/unit/Model/TableSpec.js:186
</failure>
    </testcase>
    <testcase name="graph updated with the correct add data position" time="0.001" classname="PhantomJS 1.9.8 (Linux 0.0.0).TableFactory updateParameters">
      <failure type="">Error: [$injector:unpr] Unknown provider: CellFactoryProvider &lt;- CellFactory &lt;- TableFactory
http://errors.angularjs.org/1.4.0/$injector/unpr?p0=CellFactoryProvider%20%3C-%20CellFactory%20%3C-%20TableFactory
    at /home/travis/build/DeltaGraphs/norris-nrti/frontend/app/bower_components/angular/angular.js:4238
    at getService (/home/travis/build/DeltaGraphs/norris-nrti/frontend/app/bower_components/angular/angular.js:4385)
    at /home/travis/build/DeltaGraphs/norris-nrti/frontend/app/bower_components/angular/angular.js:4243
    at getService (/home/travis/build/DeltaGraphs/norris-nrti/frontend/app/bower_components/angular/angular.js:4385)
    at invoke (/home/travis/build/DeltaGraphs/norris-nrti/frontend/app/bower_components/angular/angular.js:4417)
    at enforcedReturnValue (/home/travis/build/DeltaGraphs/norris-nrti/frontend/app/bower_components/angular/angular.js:4279)
    at invoke (/home/travis/build/DeltaGraphs/norris-nrti/frontend/app/bower_components/angular/angular.js:4426)
    at /home/travis/build/DeltaGraphs/norris-nrti/frontend/app/bower_components/angular/angular.js:4244
    at getService (/home/travis/build/DeltaGraphs/norris-nrti/frontend/app/bower_components/angular/angular.js:4385)
    at invoke (/home/travis/build/DeltaGraphs/norris-nrti/frontend/app/bower_components/angular/angular.js:4417)
    at workFn (/home/travis/build/DeltaGraphs/norris-nrti/frontend/app/bower_components/angular-mocks/angular-mocks.js:2420)
</failure>
      <failure type="">TypeError: &apos;undefined&apos; is not an object (evaluating &apos;TableFactory.build&apos;)
    at /home/travis/build/DeltaGraphs/norris-nrti/frontend/test/unit/Model/TableSpec.js:170
</failure>
      <failure type="">TypeError: &apos;null&apos; is not an object (evaluating &apos;Table.getAddRowOn&apos;)
    at /home/travis/build/DeltaGraphs/norris-nrti/frontend/test/unit/Model/TableSpec.js:189
</failure>
    </testcase>
    <testcase name="graph updated with the correct sortable" time="0.002" classname="PhantomJS 1.9.8 (Linux 0.0.0).TableFactory updateParameters">
      <failure type="">Error: [$injector:unpr] Unknown provider: CellFactoryProvider &lt;- CellFactory &lt;- TableFactory
http://errors.angularjs.org/1.4.0/$injector/unpr?p0=CellFactoryProvider%20%3C-%20CellFactory%20%3C-%20TableFactory
    at /home/travis/build/DeltaGraphs/norris-nrti/frontend/app/bower_components/angular/angular.js:4238
    at getService (/home/travis/build/DeltaGraphs/norris-nrti/frontend/app/bower_components/angular/angular.js:4385)
    at /home/travis/build/DeltaGraphs/norris-nrti/frontend/app/bower_components/angular/angular.js:4243
    at getService (/home/travis/build/DeltaGraphs/norris-nrti/frontend/app/bower_components/angular/angular.js:4385)
    at invoke (/home/travis/build/DeltaGraphs/norris-nrti/frontend/app/bower_components/angular/angular.js:4417)
    at enforcedReturnValue (/home/travis/build/DeltaGraphs/norris-nrti/frontend/app/bower_components/angular/angular.js:4279)
    at invoke (/home/travis/build/DeltaGraphs/norris-nrti/frontend/app/bower_components/angular/angular.js:4426)
    at /home/travis/build/DeltaGraphs/norris-nrti/frontend/app/bower_components/angular/angular.js:4244
    at getService (/home/travis/build/DeltaGraphs/norris-nrti/frontend/app/bower_components/angular/angular.js:4385)
    at invoke (/home/travis/build/DeltaGraphs/norris-nrti/frontend/app/bower_components/angular/angular.js:4417)
    at workFn (/home/travis/build/DeltaGraphs/norris-nrti/frontend/app/bower_components/angular-mocks/angular-mocks.js:2420)
</failure>
      <failure type="">TypeError: &apos;undefined&apos; is not an object (evaluating &apos;TableFactory.build&apos;)
    at /home/travis/build/DeltaGraphs/norris-nrti/frontend/test/unit/Model/TableSpec.js:170
</failure>
      <failure type="">TypeError: &apos;null&apos; is not an object (evaluating &apos;Table.getSortable&apos;)
    at /home/travis/build/DeltaGraphs/norris-nrti/frontend/test/unit/Model/TableSpec.js:192
</failure>
    </testcase>
    <testcase name="graph updated with the correct sort" time="0.002" classname="PhantomJS 1.9.8 (Linux 0.0.0).TableFactory updateParameters">
      <failure type="">Error: [$injector:unpr] Unknown provider: CellFactoryProvider &lt;- CellFactory &lt;- TableFactory
http://errors.angularjs.org/1.4.0/$injector/unpr?p0=CellFactoryProvider%20%3C-%20CellFactory%20%3C-%20TableFactory
    at /home/travis/build/DeltaGraphs/norris-nrti/frontend/app/bower_components/angular/angular.js:4238
    at getService (/home/travis/build/DeltaGraphs/norris-nrti/frontend/app/bower_components/angular/angular.js:4385)
    at /home/travis/build/DeltaGraphs/norris-nrti/frontend/app/bower_components/angular/angular.js:4243
    at getService (/home/travis/build/DeltaGraphs/norris-nrti/frontend/app/bower_components/angular/angular.js:4385)
    at invoke (/home/travis/build/DeltaGraphs/norris-nrti/frontend/app/bower_components/angular/angular.js:4417)
    at enforcedReturnValue (/home/travis/build/DeltaGraphs/norris-nrti/frontend/app/bower_components/angular/angular.js:4279)
    at invoke (/home/travis/build/DeltaGraphs/norris-nrti/frontend/app/bower_components/angular/angular.js:4426)
    at /home/travis/build/DeltaGraphs/norris-nrti/frontend/app/bower_components/angular/angular.js:4244
    at getService (/home/travis/build/DeltaGraphs/norris-nrti/frontend/app/bower_components/angular/angular.js:4385)
    at invoke (/home/travis/build/DeltaGraphs/norris-nrti/frontend/app/bower_components/angular/angular.js:4417)
    at workFn (/home/travis/build/DeltaGraphs/norris-nrti/frontend/app/bower_components/angular-mocks/angular-mocks.js:2420)
</failure>
      <failure type="">TypeError: &apos;undefined&apos; is not an object (evaluating &apos;TableFactory.build&apos;)
    at /home/travis/build/DeltaGraphs/norris-nrti/frontend/test/unit/Model/TableSpec.js:170
</failure>
      <failure type="">TypeError: &apos;null&apos; is not an object (evaluating &apos;Table.getSort&apos;)
    at /home/travis/build/DeltaGraphs/norris-nrti/frontend/test/unit/Model/TableSpec.js:195
</failure>
    </testcase>
    <testcase name="graph updated with the correct appearance" time="0.002" classname="PhantomJS 1.9.8 (Linux 0.0.0).TableFactory updateParameters">
      <failure type="">Error: [$injector:unpr] Unknown provider: CellFactoryProvider &lt;- CellFactory &lt;- TableFactory
http://errors.angularjs.org/1.4.0/$injector/unpr?p0=CellFactoryProvider%20%3C-%20CellFactory%20%3C-%20TableFactory
    at /home/travis/build/DeltaGraphs/norris-nrti/frontend/app/bower_components/angular/angular.js:4238
    at getService (/home/travis/build/DeltaGraphs/norris-nrti/frontend/app/bower_components/angular/angular.js:4385)
    at /home/travis/build/DeltaGraphs/norris-nrti/frontend/app/bower_components/angular/angular.js:4243
    at getService (/home/travis/build/DeltaGraphs/norris-nrti/frontend/app/bower_components/angular/angular.js:4385)
    at invoke (/home/travis/build/DeltaGraphs/norris-nrti/frontend/app/bower_components/angular/angular.js:4417)
    at enforcedReturnValue (/home/travis/build/DeltaGraphs/norris-nrti/frontend/app/bower_components/angular/angular.js:4279)
    at invoke (/home/travis/build/DeltaGraphs/norris-nrti/frontend/app/bower_components/angular/angular.js:4426)
    at /home/travis/build/DeltaGraphs/norris-nrti/frontend/app/bower_components/angular/angular.js:4244
    at getService (/home/travis/build/DeltaGraphs/norris-nrti/frontend/app/bower_components/angular/angular.js:4385)
    at invoke (/home/travis/build/DeltaGraphs/norris-nrti/frontend/app/bower_components/angular/angular.js:4417)
    at workFn (/home/travis/build/DeltaGraphs/norris-nrti/frontend/app/bower_components/angular-mocks/angular-mocks.js:2420)
</failure>
      <failure type="">TypeError: &apos;undefined&apos; is not an object (evaluating &apos;TableFactory.build&apos;)
    at /home/travis/build/DeltaGraphs/norris-nrti/frontend/test/unit/Model/TableSpec.js:170
</failure>
      <failure type="">TypeError: &apos;null&apos; is not an object (evaluating &apos;Table.getAppearance&apos;)
    at /home/travis/build/DeltaGraphs/norris-nrti/frontend/test/unit/Model/TableSpec.js:198
</failure>
    </testcase>
    <testcase name="graph updated with the correct flow" time="0.002" classname="PhantomJS 1.9.8 (Linux 0.0.0).TableFactory updateParameters">
      <failure type="">Error: [$injector:unpr] Unknown provider: CellFactoryProvider &lt;- CellFactory &lt;- TableFactory
http://errors.angularjs.org/1.4.0/$injector/unpr?p0=CellFactoryProvider%20%3C-%20CellFactory%20%3C-%20TableFactory
    at /home/travis/build/DeltaGraphs/norris-nrti/frontend/app/bower_components/angular/angular.js:4238
    at getService (/home/travis/build/DeltaGraphs/norris-nrti/frontend/app/bower_components/angular/angular.js:4385)
    at /home/travis/build/DeltaGraphs/norris-nrti/frontend/app/bower_components/angular/angular.js:4243
    at getService (/home/travis/build/DeltaGraphs/norris-nrti/frontend/app/bower_components/angular/angular.js:4385)
    at invoke (/home/travis/build/DeltaGraphs/norris-nrti/frontend/app/bower_components/angular/angular.js:4417)
    at enforcedReturnValue (/home/travis/build/DeltaGraphs/norris-nrti/frontend/app/bower_components/angular/angular.js:4279)
    at invoke (/home/travis/build/DeltaGraphs/norris-nrti/frontend/app/bower_components/angular/angular.js:4426)
    at /home/travis/build/DeltaGraphs/norris-nrti/frontend/app/bower_components/angular/angular.js:4244
    at getService (/home/travis/build/DeltaGraphs/norris-nrti/frontend/app/bower_components/angular/angular.js:4385)
    at invoke (/home/travis/build/DeltaGraphs/norris-nrti/frontend/app/bower_components/angular/angular.js:4417)
    at workFn (/home/travis/build/DeltaGraphs/norris-nrti/frontend/app/bower_components/angular-mocks/angular-mocks.js:2420)
</failure>
      <failure type="">TypeError: &apos;undefined&apos; is not an object (evaluating &apos;TableFactory.build&apos;)
    at /home/travis/build/DeltaGraphs/norris-nrti/frontend/test/unit/Model/TableSpec.js:170
</failure>
      <failure type="">TypeError: &apos;null&apos; is not an object (evaluating &apos;Table.getFlowList&apos;)
    at /home/travis/build/DeltaGraphs/norris-nrti/frontend/test/unit/Model/TableSpec.js:201
</failure>
    </testcase>
    <testcase name="graph addFlow called with the correct parameters" time="0.012" classname="PhantomJS 1.9.8 (Linux 0.0.0).TableFactory addFlow">
      <failure type="">Error: [$injector:unpr] Unknown provider: CellFactoryProvider &lt;- CellFactory &lt;- TableFactory
http://errors.angularjs.org/1.4.0/$injector/unpr?p0=CellFactoryProvider%20%3C-%20CellFactory%20%3C-%20TableFactory
    at /home/travis/build/DeltaGraphs/norris-nrti/frontend/app/bower_components/angular/angular.js:4238
    at getService (/home/travis/build/DeltaGraphs/norris-nrti/frontend/app/bower_components/angular/angular.js:4385)
    at /home/travis/build/DeltaGraphs/norris-nrti/frontend/app/bower_components/angular/angular.js:4243
    at getService (/home/travis/build/DeltaGraphs/norris-nrti/frontend/app/bower_components/angular/angular.js:4385)
    at invoke (/home/travis/build/DeltaGraphs/norris-nrti/frontend/app/bower_components/angular/angular.js:4417)
    at enforcedReturnValue (/home/travis/build/DeltaGraphs/norris-nrti/frontend/app/bower_components/angular/angular.js:4279)
    at invoke (/home/travis/build/DeltaGraphs/norris-nrti/frontend/app/bower_components/angular/angular.js:4426)
    at /home/travis/build/DeltaGraphs/norris-nrti/frontend/app/bower_components/angular/angular.js:4244
    at getService (/home/travis/build/DeltaGraphs/norris-nrti/frontend/app/bower_components/angular/angular.js:4385)
    at invoke (/home/travis/build/DeltaGraphs/norris-nrti/frontend/app/bower_components/angular/angular.js:4417)
    at workFn (/home/travis/build/DeltaGraphs/norris-nrti/frontend/app/bower_components/angular-mocks/angular-mocks.js:2420)
</failure>
      <failure type="">TypeError: &apos;undefined&apos; is not an object (evaluating &apos;TableFlowFactory.build&apos;)
    at /home/travis/build/DeltaGraphs/norris-nrti/frontend/test/unit/Model/TableSpec.js:221
</failure>
      <failure type="">TypeError: &apos;undefined&apos; is not an object (evaluating &apos;Table.getFlowList&apos;)
    at /home/travis/build/DeltaGraphs/norris-nrti/frontend/test/unit/Model/TableSpec.js:231
</failure>
    </testcase>
    <testcase name="delete flow from graph" time="0.002" classname="PhantomJS 1.9.8 (Linux 0.0.0).TableFactory deleteFlow">
      <failure type="">Error: [$injector:unpr] Unknown provider: CellFactoryProvider &lt;- CellFactory &lt;- TableFactory
http://errors.angularjs.org/1.4.0/$injector/unpr?p0=CellFactoryProvider%20%3C-%20CellFactory%20%3C-%20TableFactory
    at /home/travis/build/DeltaGraphs/norris-nrti/frontend/app/bower_components/angular/angular.js:4238
    at getService (/home/travis/build/DeltaGraphs/norris-nrti/frontend/app/bower_components/angular/angular.js:4385)
    at /home/travis/build/DeltaGraphs/norris-nrti/frontend/app/bower_components/angular/angular.js:4243
    at getService (/home/travis/build/DeltaGraphs/norris-nrti/frontend/app/bower_components/angular/angular.js:4385)
    at invoke (/home/travis/build/DeltaGraphs/norris-nrti/frontend/app/bower_components/angular/angular.js:4417)
    at enforcedReturnValue (/home/travis/build/DeltaGraphs/norris-nrti/frontend/app/bower_components/angular/angular.js:4279)
    at invoke (/home/travis/build/DeltaGraphs/norris-nrti/frontend/app/bower_components/angular/angular.js:4426)
    at /home/travis/build/DeltaGraphs/norris-nrti/frontend/app/bower_components/angular/angular.js:4244
    at getService (/home/travis/build/DeltaGraphs/norris-nrti/frontend/app/bower_components/angular/angular.js:4385)
    at invoke (/home/travis/build/DeltaGraphs/norris-nrti/frontend/app/bower_components/angular/angular.js:4417)
    at workFn (/home/travis/build/DeltaGraphs/norris-nrti/frontend/app/bower_components/angular-mocks/angular-mocks.js:2420)
</failure>
      <failure type="">TypeError: &apos;undefined&apos; is not an object (evaluating &apos;TableFlowFactory.build&apos;)
    at /home/travis/build/DeltaGraphs/norris-nrti/frontend/test/unit/Model/TableSpec.js:250
</failure>
      <failure type="">TypeError: &apos;undefined&apos; is not an object (evaluating &apos;Table.getFlowList&apos;)
    at /home/travis/build/DeltaGraphs/norris-nrti/frontend/test/unit/Model/TableSpec.js:265
</failure>
    </testcase>
    <testcase name="TableFlow inizializeData called in the right way" time="0.001" classname="PhantomJS 1.9.8 (Linux 0.0.0).TableFactory inizializeData">
      <failure type="">Error: [$injector:unpr] Unknown provider: CellFactoryProvider &lt;- CellFactory &lt;- TableFactory
http://errors.angularjs.org/1.4.0/$injector/unpr?p0=CellFactoryProvider%20%3C-%20CellFactory%20%3C-%20TableFactory
    at /home/travis/build/DeltaGraphs/norris-nrti/frontend/app/bower_components/angular/angular.js:4238
    at getService (/home/travis/build/DeltaGraphs/norris-nrti/frontend/app/bower_components/angular/angular.js:4385)
    at /home/travis/build/DeltaGraphs/norris-nrti/frontend/app/bower_components/angular/angular.js:4243
    at getService (/home/travis/build/DeltaGraphs/norris-nrti/frontend/app/bower_components/angular/angular.js:4385)
    at invoke (/home/travis/build/DeltaGraphs/norris-nrti/frontend/app/bower_components/angular/angular.js:4417)
    at enforcedReturnValue (/home/travis/build/DeltaGraphs/norris-nrti/frontend/app/bower_components/angular/angular.js:4279)
    at invoke (/home/travis/build/DeltaGraphs/norris-nrti/frontend/app/bower_components/angular/angular.js:4426)
    at /home/travis/build/DeltaGraphs/norris-nrti/frontend/app/bower_components/angular/angular.js:4244
    at getService (/home/travis/build/DeltaGraphs/norris-nrti/frontend/app/bower_components/angular/angular.js:4385)
    at invoke (/home/travis/build/DeltaGraphs/norris-nrti/frontend/app/bower_components/angular/angular.js:4417)
    at workFn (/home/travis/build/DeltaGraphs/norris-nrti/frontend/app/bower_components/angular-mocks/angular-mocks.js:2420)
</failure>
      <failure type="">TypeError: &apos;undefined&apos; is not an object (evaluating &apos;TableFlowFactory.build&apos;)
    at /home/travis/build/DeltaGraphs/norris-nrti/frontend/test/unit/Model/TableSpec.js:283
</failure>
      <failure type="">TypeError: &apos;undefined&apos; is not an object (evaluating &apos;Table.getFlowList&apos;)
    at /home/travis/build/DeltaGraphs/norris-nrti/frontend/test/unit/Model/TableSpec.js:294
</failure>
    </testcase>
    <testcase name="TableFlow inPlaceUpdate called in the right way" time="0.002" classname="PhantomJS 1.9.8 (Linux 0.0.0).TableFactory inPlaceUpdate">
      <failure type="">Error: [$injector:unpr] Unknown provider: CellFactoryProvider &lt;- CellFactory &lt;- TableFactory
http://errors.angularjs.org/1.4.0/$injector/unpr?p0=CellFactoryProvider%20%3C-%20CellFactory%20%3C-%20TableFactory
    at /home/travis/build/DeltaGraphs/norris-nrti/frontend/app/bower_components/angular/angular.js:4238
    at getService (/home/travis/build/DeltaGraphs/norris-nrti/frontend/app/bower_components/angular/angular.js:4385)
    at /home/travis/build/DeltaGraphs/norris-nrti/frontend/app/bower_components/angular/angular.js:4243
    at getService (/home/travis/build/DeltaGraphs/norris-nrti/frontend/app/bower_components/angular/angular.js:4385)
    at invoke (/home/travis/build/DeltaGraphs/norris-nrti/frontend/app/bower_components/angular/angular.js:4417)
    at enforcedReturnValue (/home/travis/build/DeltaGraphs/norris-nrti/frontend/app/bower_components/angular/angular.js:4279)
    at invoke (/home/travis/build/DeltaGraphs/norris-nrti/frontend/app/bower_components/angular/angular.js:4426)
    at /home/travis/build/DeltaGraphs/norris-nrti/frontend/app/bower_components/angular/angular.js:4244
    at getService (/home/travis/build/DeltaGraphs/norris-nrti/frontend/app/bower_components/angular/angular.js:4385)
    at invoke (/home/travis/build/DeltaGraphs/norris-nrti/frontend/app/bower_components/angular/angular.js:4417)
    at workFn (/home/travis/build/DeltaGraphs/norris-nrti/frontend/app/bower_components/angular-mocks/angular-mocks.js:2420)
</failure>
      <failure type="">TypeError: &apos;undefined&apos; is not an object (evaluating &apos;TableFlowFactory.build&apos;)
    at /home/travis/build/DeltaGraphs/norris-nrti/frontend/test/unit/Model/TableSpec.js:315
</failure>
      <failure type="">TypeError: &apos;undefined&apos; is not an object (evaluating &apos;Table.getFlowList&apos;)
    at /home/travis/build/DeltaGraphs/norris-nrti/frontend/test/unit/Model/TableSpec.js:326
</failure>
    </testcase>
    <testcase name="inizialize flowList" time="0.001" classname="PhantomJS 1.9.8 (Linux 0.0.0).TableFactory streamUpdate">
      <failure type="">Error: [$injector:unpr] Unknown provider: CellFactoryProvider &lt;- CellFactory &lt;- TableFactory
http://errors.angularjs.org/1.4.0/$injector/unpr?p0=CellFactoryProvider%20%3C-%20CellFactory%20%3C-%20TableFactory
    at /home/travis/build/DeltaGraphs/norris-nrti/frontend/app/bower_components/angular/angular.js:4238
    at getService (/home/travis/build/DeltaGraphs/norris-nrti/frontend/app/bower_components/angular/angular.js:4385)
    at /home/travis/build/DeltaGraphs/norris-nrti/frontend/app/bower_components/angular/angular.js:4243
    at getService (/home/travis/build/DeltaGraphs/norris-nrti/frontend/app/bower_components/angular/angular.js:4385)
    at invoke (/home/travis/build/DeltaGraphs/norris-nrti/frontend/app/bower_components/angular/angular.js:4417)
    at enforcedReturnValue (/home/travis/build/DeltaGraphs/norris-nrti/frontend/app/bower_components/angular/angular.js:4279)
    at invoke (/home/travis/build/DeltaGraphs/norris-nrti/frontend/app/bower_components/angular/angular.js:4426)
    at /home/travis/build/DeltaGraphs/norris-nrti/frontend/app/bower_components/angular/angular.js:4244
    at getService (/home/travis/build/DeltaGraphs/norris-nrti/frontend/app/bower_components/angular/angular.js:4385)
    at invoke (/home/travis/build/DeltaGraphs/norris-nrti/frontend/app/bower_components/angular/angular.js:4417)
    at workFn (/home/travis/build/DeltaGraphs/norris-nrti/frontend/app/bower_components/angular-mocks/angular-mocks.js:2420)
</failure>
      <failure type="">TypeError: &apos;undefined&apos; is not an object (evaluating &apos;TableFlowFactory.build&apos;)
    at /home/travis/build/DeltaGraphs/norris-nrti/frontend/test/unit/Model/TableSpec.js:351
</failure>
      <failure type="">TypeError: &apos;undefined&apos; is not an object (evaluating &apos;Table.getFlowList&apos;)
    at /home/travis/build/DeltaGraphs/norris-nrti/frontend/test/unit/Model/TableSpec.js:362
</failure>
    </testcase>
    <system-out><![CDATA[PhantomJS 1.9.8 (Linux 0.0.0) LOG: 'MAPCHART MODEL initialize [{"ID":"1","records":[{"NorrisRecordID":"234321","value":[0,1]},{}]}]'
,PhantomJS 1.9.8 (Linux 0.0.0) LOG: 'MAPCHART MODEL initialize [{"ID":"2","records":[{"NorrisRecordID":"record2","value":[3,3]}]}]'
,PhantomJS 1.9.8 (Linux 0.0.0) LOG: 'MAPCHART MODEL initialize [{"ID":"2","records":[{"NorrisRecordID":"record2","value":[3,3]}]}]'
,PhantomJS 1.9.8 (Linux 0.0.0) LOG: 'MAPCHART MODEL initialize [{"ID":"2","records":[{"NorrisRecordID":"record2","value":[3,3]}]}]'

]]></system-out>
    <system-err/>
  </testsuite>
</testsuites>
